Using pre-set license
Built from '2021.3/staging' branch; Version is '2021.3.6f1 (7da38d85baf6) revision 8233869'; Using compiler version '192829333'; Build Type 'Release'
OS: 'Windows 10  (10.0.19044) 64bit Professional' Language: 'tr' Physical Memory: 16277 MB
BatchMode: 1, IsHumanControllingUs: 0, StartBugReporterOnCrash: 0, Is64bit: 1, IsPro: 1

COMMAND LINE ARGUMENTS:
C:\Program Files\Unity\Hub\Editor\2021.3.6f1\Editor\Unity.exe
-adb2
-batchMode
-noUpm
-name
AssetImportWorker0
-projectPath
C:/Users/PC/Documents/GitHub/Game-Sucks/GameSucks
-logFile
Logs/AssetImportWorker0.log
-srvPort
51078
Successfully changed project path to: C:/Users/PC/Documents/GitHub/Game-Sucks/GameSucks
C:/Users/PC/Documents/GitHub/Game-Sucks/GameSucks
[UnityMemory] Configuration Parameters - Can be set up in boot.config
    "memorysetup-bucket-allocator-granularity=16"
    "memorysetup-bucket-allocator-bucket-count=8"
    "memorysetup-bucket-allocator-block-size=33554432"
    "memorysetup-bucket-allocator-block-count=8"
    "memorysetup-main-allocator-block-size=16777216"
    "memorysetup-thread-allocator-block-size=16777216"
    "memorysetup-gfx-main-allocator-block-size=16777216"
    "memorysetup-gfx-thread-allocator-block-size=16777216"
    "memorysetup-cache-allocator-block-size=4194304"
    "memorysetup-typetree-allocator-block-size=2097152"
    "memorysetup-profiler-bucket-allocator-granularity=16"
    "memorysetup-profiler-bucket-allocator-bucket-count=8"
    "memorysetup-profiler-bucket-allocator-block-size=33554432"
    "memorysetup-profiler-bucket-allocator-block-count=8"
    "memorysetup-profiler-allocator-block-size=16777216"
    "memorysetup-profiler-editor-allocator-block-size=1048576"
    "memorysetup-temp-allocator-size-main=16777216"
    "memorysetup-job-temp-allocator-block-size=2097152"
    "memorysetup-job-temp-allocator-block-size-background=1048576"
    "memorysetup-job-temp-allocator-reduction-small-platforms=262144"
    "memorysetup-temp-allocator-size-background-worker=32768"
    "memorysetup-temp-allocator-size-job-worker=262144"
    "memorysetup-temp-allocator-size-preload-manager=33554432"
    "memorysetup-temp-allocator-size-nav-mesh-worker=65536"
    "memorysetup-temp-allocator-size-audio-worker=65536"
    "memorysetup-temp-allocator-size-cloud-worker=32768"
    "memorysetup-temp-allocator-size-gi-baking-worker=262144"
    "memorysetup-temp-allocator-size-gfx=262144"
Refreshing native plugins compatible for Editor in 83.65 ms, found 3 plugins.
Preloading 0 native plugins for Editor in 0.00 ms.
Initialize engine version: 2021.3.6f1 (7da38d85baf6)
[Subsystems] Discovering subsystems at path C:/Program Files/Unity/Hub/Editor/2021.3.6f1/Editor/Data/Resources/UnitySubsystems
[Subsystems] Discovering subsystems at path C:/Users/PC/Documents/GitHub/Game-Sucks/GameSucks/Assets
GfxDevice: creating device client; threaded=0; jobified=0
Direct3D:
    Version:  Direct3D 11.0 [level 11.1]
    Renderer: NVIDIA GeForce RTX 3060 (ID=0x2504)
    Vendor:   NVIDIA
    VRAM:     12142 MB
    Driver:   30.0.15.1295
Initialize mono
Mono path[0] = 'C:/Program Files/Unity/Hub/Editor/2021.3.6f1/Editor/Data/Managed'
Mono path[1] = 'C:/Program Files/Unity/Hub/Editor/2021.3.6f1/Editor/Data/MonoBleedingEdge/lib/mono/unityjit-win32'
Mono config path = 'C:/Program Files/Unity/Hub/Editor/2021.3.6f1/Editor/Data/MonoBleedingEdge/etc'
Using monoOptions --debugger-agent=transport=dt_socket,embedding=1,server=y,suspend=n,address=127.0.0.1:56952
Begin MonoManager ReloadAssembly
Registering precompiled unity dll's ...
Register platform support module: C:/Program Files/Unity/Hub/Editor/2021.3.6f1/Editor/Data/PlaybackEngines/AndroidPlayer/UnityEditor.Android.Extensions.dll
Register platform support module: C:/Program Files/Unity/Hub/Editor/2021.3.6f1/Editor/Data/PlaybackEngines/iOSSupport/UnityEditor.iOS.Extensions.dll
Register platform support module: C:/Program Files/Unity/Hub/Editor/2021.3.6f1/Editor/Data/PlaybackEngines/WindowsStandaloneSupport/UnityEditor.WindowsStandalone.Extensions.dll
Registered in 0.009602 seconds.
Native extension for WindowsStandalone target not found
[usbmuxd] Start listen thread
[usbmuxd] Listen thread started
Native extension for iOS target not found
Native extension for Android target not found
Refreshing native plugins compatible for Editor in 82.62 ms, found 3 plugins.
Preloading 0 native plugins for Editor in 0.00 ms.
Mono: successfully reloaded assembly
- Completed reload, in  0.590 seconds
Domain Reload Profiling:
	ReloadAssembly (590ms)
		BeginReloadAssembly (75ms)
			ExecutionOrderSort (0ms)
			DisableScriptedObjects (0ms)
			BackupInstance (0ms)
			ReleaseScriptingObjects (0ms)
			CreateAndSetChildDomain (1ms)
		EndReloadAssembly (415ms)
			LoadAssemblies (72ms)
			RebuildTransferFunctionScriptingTraits (0ms)
			SetupTypeCache (83ms)
			ReleaseScriptCaches (0ms)
			RebuildScriptCaches (19ms)
			SetupLoadedEditorAssemblies (263ms)
				LogAssemblyErrors (0ms)
				InitializePlatformSupportModulesInManaged (57ms)
				SetLoadedEditorAssemblies (0ms)
				RefreshPlugins (83ms)
				BeforeProcessingInitializeOnLoad (1ms)
				ProcessInitializeOnLoadAttributes (82ms)
				ProcessInitializeOnLoadMethodAttributes (40ms)
				AfterProcessingInitializeOnLoad (0ms)
				EditorAssembliesLoaded (0ms)
			ExecutionOrderSort2 (0ms)
			AwakeInstancesAfterBackupRestoration (0ms)
Platform modules already initialized, skipping
Registering precompiled user dll's ...
Registered in 0.011958 seconds.
Begin MonoManager ReloadAssembly
Symbol file LoadedFromMemory doesn't match image C:\Users\PC\Documents\GitHub\Game-Sucks\GameSucks\Library\PackageCache\com.unity.visualscripting@1.7.8\Editor\VisualScripting.Core\Dependencies\YamlDotNet\Unity.VisualScripting.YamlDotNet.dll
Symbol file LoadedFromMemory doesn't match image C:\Users\PC\Documents\GitHub\Game-Sucks\GameSucks\Library\PackageCache\com.unity.visualscripting@1.7.8\Editor\VisualScripting.Core\Dependencies\DotNetZip\Unity.VisualScripting.IonicZip.dll
Native extension for WindowsStandalone target not found
Native extension for iOS target not found
Native extension for Android target not found
Refreshing native plugins compatible for Editor in 82.05 ms, found 3 plugins.
Preloading 0 native plugins for Editor in 0.00 ms.
Mono: successfully reloaded assembly
- Completed reload, in  1.164 seconds
Domain Reload Profiling:
	ReloadAssembly (1165ms)
		BeginReloadAssembly (212ms)
			ExecutionOrderSort (0ms)
			DisableScriptedObjects (5ms)
			BackupInstance (0ms)
			ReleaseScriptingObjects (0ms)
			CreateAndSetChildDomain (125ms)
		EndReloadAssembly (845ms)
			LoadAssemblies (93ms)
			RebuildTransferFunctionScriptingTraits (0ms)
			SetupTypeCache (207ms)
			ReleaseScriptCaches (1ms)
			RebuildScriptCaches (49ms)
			SetupLoadedEditorAssemblies (459ms)
				LogAssemblyErrors (0ms)
				InitializePlatformSupportModulesInManaged (20ms)
				SetLoadedEditorAssemblies (0ms)
				RefreshPlugins (82ms)
				BeforeProcessingInitializeOnLoad (93ms)
				ProcessInitializeOnLoadAttributes (181ms)
				ProcessInitializeOnLoadMethodAttributes (69ms)
				AfterProcessingInitializeOnLoad (13ms)
				EditorAssembliesLoaded (0ms)
			ExecutionOrderSort2 (0ms)
			AwakeInstancesAfterBackupRestoration (7ms)
Platform modules already initialized, skipping
========================================================================
Worker process is ready to serve import requests
Launched and connected shader compiler UnityShaderCompiler.exe after 0.04 seconds
Refreshing native plugins compatible for Editor in 1.34 ms, found 3 plugins.
Preloading 0 native plugins for Editor in 0.00 ms.
Unloading 5020 Unused Serialized files (Serialized files now loaded: 0)
Unloading 34 unused Assets / (0.7 MB). Loaded Objects now: 5473.
Memory consumption went from 194.2 MB to 193.5 MB.
Total: 3.236300 ms (FindLiveObjects: 0.325600 ms CreateObjectMapping: 0.145100 ms MarkObjects: 2.521900 ms  DeleteObjects: 0.242800 ms)

AssetImportParameters requested are different than current active one (requested -> active):
  custom:video-decoder-ogg-theora: a1e56fd34408186e4bbccfd4996cb3dc -> 
  custom:container-muxer-webm: aa71ff27fc2769a1b78a27578f13a17b -> 
  custom:container-demuxer-webm: 4f35f7cbe854078d1ac9338744f61a02 -> 
  custom:video-encoder-webm-vp8: eb34c28f22e8b96e1ab97ce403110664 -> 
  custom:audio-encoder-webm-vorbis: bf7c407c2cedff20999df2af8eb42d56 -> 
  custom:framework-win-MediaFoundation: 216162199b28c13a410421893ffa2e32 -> 
  custom:container-demuxer-ogg: 62fdf1f143b41e24485cea50d1cbac27 -> 
  custom:video-decoder-webm-vp8: 9c59270c3fd7afecdb556c50c9e8de78 -> 
  custom:audio-decoder-ogg-vorbis: bf7c407c2cedff20999df2af8eb42d56 -> 
========================================================================
Received Import Request.
  Time since last request: 1588290.077167 seconds.
  path: Assets
  artifactKey: Guid(00000000000000001000000000000000) Importer(815301076,1909f56bfc062723c751e8b465ee728b)
Start importing Assets using Guid(00000000000000001000000000000000) Importer(815301076,1909f56bfc062723c751e8b465ee728b)  -> (artifact id: '79842766b460edbeab6a34051e857a80') in 0.010213 seconds 
========================================================================
Received Import Request.
  Time since last request: 0.000024 seconds.
  path: Assets/PolyArt/Animals
  artifactKey: Guid(4f0a08aa03d573448832bb8d5426d5bc) Importer(815301076,1909f56bfc062723c751e8b465ee728b)
Start importing Assets/PolyArt/Animals using Guid(4f0a08aa03d573448832bb8d5426d5bc) Importer(815301076,1909f56bfc062723c751e8b465ee728b)  -> (artifact id: 'fea67ddbe2214b1f3df6a9cfc0c5831c') in 0.002365 seconds 
========================================================================
Received Import Request.
  Time since last request: 0.000036 seconds.
  path: Assets/PolyArt
  artifactKey: Guid(b4e3c95fb23ef794b994c4995420e093) Importer(815301076,1909f56bfc062723c751e8b465ee728b)
Start importing Assets/PolyArt using Guid(b4e3c95fb23ef794b994c4995420e093) Importer(815301076,1909f56bfc062723c751e8b465ee728b)  -> (artifact id: 'af9d09cb80b9cdf06b040610b15df9b7') in 0.002758 seconds 
========================================================================
Received Import Request.
  Time since last request: 0.000027 seconds.
  path: Assets/LowPoly Animal Package
  artifactKey: Guid(f8536cae154a7dc49b5e7b4c10921db1) Importer(815301076,1909f56bfc062723c751e8b465ee728b)
Start importing Assets/LowPoly Animal Package using Guid(f8536cae154a7dc49b5e7b4c10921db1) Importer(815301076,1909f56bfc062723c751e8b465ee728b)  -> (artifact id: 'b60888fc5a1ade057ea0718f4db5c14e') in 0.002141 seconds 
========================================================================
Received Import Request.
  Time since last request: 0.000029 seconds.
  path: Assets/PolyArt/Animals/Dogs/FBX
  artifactKey: Guid(aa8112a1798c5234aa74ee754eebd985) Importer(815301076,1909f56bfc062723c751e8b465ee728b)
Start importing Assets/PolyArt/Animals/Dogs/FBX using Guid(aa8112a1798c5234aa74ee754eebd985) Importer(815301076,1909f56bfc062723c751e8b465ee728b)  -> (artifact id: 'e440c415143b763ed2ef49902c87ba34') in 0.002223 seconds 
========================================================================
Received Import Request.
  Time since last request: 0.000023 seconds.
  path: Assets/PolyArt/Animals/Dogs
  artifactKey: Guid(3b6ef8a6dfafab844832fd3197f3e811) Importer(815301076,1909f56bfc062723c751e8b465ee728b)
Start importing Assets/PolyArt/Animals/Dogs using Guid(3b6ef8a6dfafab844832fd3197f3e811) Importer(815301076,1909f56bfc062723c751e8b465ee728b)  -> (artifact id: 'e0fb00ab2495908e75e8a1143977762f') in 0.002784 seconds 
========================================================================
Received Import Request.
  Time since last request: 1.438818 seconds.
  path: Assets/PolyArt/Animals/Dogs/Prefabs
  artifactKey: Guid(1a7cf0b6a2c5cd14aa2c71b2701dc591) Importer(815301076,1909f56bfc062723c751e8b465ee728b)
Start importing Assets/PolyArt/Animals/Dogs/Prefabs using Guid(1a7cf0b6a2c5cd14aa2c71b2701dc591) Importer(815301076,1909f56bfc062723c751e8b465ee728b)  -> (artifact id: '749e3440a3fa0dcc477a966e8a620e5e') in 0.002238 seconds 
========================================================================
Received Import Request.
  Time since last request: 0.034245 seconds.
  path: Assets/PolyArt/Animals/Dogs/Prefabs/Lowpoly_Akita_clear.prefab
  artifactKey: Guid(e7e3548a538349d45b5a4a1713526bb1) Importer(815301076,1909f56bfc062723c751e8b465ee728b)
Start importing Assets/PolyArt/Animals/Dogs/Prefabs/Lowpoly_Akita_clear.prefab using Guid(e7e3548a538349d45b5a4a1713526bb1) Importer(815301076,1909f56bfc062723c751e8b465ee728b)  -> (artifact id: 'a0c4cb962ed5bf30c5c18a57c683df0a') in 0.244454 seconds 
========================================================================
Received Import Request.
  Time since last request: 0.000030 seconds.
  path: Assets/PolyArt/Animals/Dogs/Prefabs/Lowpoly_Doberman_IP.prefab
  artifactKey: Guid(6d4f0288a66e3524d9aeffeb80e89ba9) Importer(815301076,1909f56bfc062723c751e8b465ee728b)
Start importing Assets/PolyArt/Animals/Dogs/Prefabs/Lowpoly_Doberman_IP.prefab using Guid(6d4f0288a66e3524d9aeffeb80e89ba9) Importer(815301076,1909f56bfc062723c751e8b465ee728b)  -> (artifact id: '348c0c2482468401ae7194ccd7091ac7') in 0.020060 seconds 
========================================================================
Received Import Request.
  Time since last request: 0.000037 seconds.
  path: Assets/PolyArt/Animals/Dogs/Prefabs/Lowpoly_Retriever_clear.prefab
  artifactKey: Guid(1486de5b7f89d6b4293b27cfde695d99) Importer(815301076,1909f56bfc062723c751e8b465ee728b)
Start importing Assets/PolyArt/Animals/Dogs/Prefabs/Lowpoly_Retriever_clear.prefab using Guid(1486de5b7f89d6b4293b27cfde695d99) Importer(815301076,1909f56bfc062723c751e8b465ee728b)  -> (artifact id: '4329e8cfbd8834a29f33def624cec7b4') in 0.016418 seconds 
========================================================================
Received Import Request.
  Time since last request: 0.000026 seconds.
  path: Assets/PolyArt/Animals/Dogs/Prefabs/Lowpoly_Doberman_RM.prefab
  artifactKey: Guid(cff2bd936b34633409dc963ccd2cc789) Importer(815301076,1909f56bfc062723c751e8b465ee728b)
Start importing Assets/PolyArt/Animals/Dogs/Prefabs/Lowpoly_Doberman_RM.prefab using Guid(cff2bd936b34633409dc963ccd2cc789) Importer(815301076,1909f56bfc062723c751e8b465ee728b)  -> (artifact id: 'c1f9250758fcc0d3e5707ce242da7d5e') in 0.016792 seconds 
========================================================================
Received Import Request.
  Time since last request: 0.000032 seconds.
  path: Assets/PolyArt/Animals/Dogs/Prefabs/Lowpoly_Shepherd_RM.prefab
  artifactKey: Guid(4f9f92ce3e4d65b4c812c97f74ebddd3) Importer(815301076,1909f56bfc062723c751e8b465ee728b)
Start importing Assets/PolyArt/Animals/Dogs/Prefabs/Lowpoly_Shepherd_RM.prefab using Guid(4f9f92ce3e4d65b4c812c97f74ebddd3) Importer(815301076,1909f56bfc062723c751e8b465ee728b)  -> (artifact id: '17910c28a6b35bb4790776db721f5047') in 0.017072 seconds 
========================================================================
Received Import Request.
  Time since last request: 0.000026 seconds.
  path: Assets/PolyArt/Animals/Dogs/Prefabs/Lowpoly_Husky_RM.prefab
  artifactKey: Guid(425a9e9736b7996468e319e95bbb7740) Importer(815301076,1909f56bfc062723c751e8b465ee728b)
Start importing Assets/PolyArt/Animals/Dogs/Prefabs/Lowpoly_Husky_RM.prefab using Guid(425a9e9736b7996468e319e95bbb7740) Importer(815301076,1909f56bfc062723c751e8b465ee728b)  -> (artifact id: 'be6b8019abdc5fe024ee5400f96dca10') in 0.015683 seconds 
========================================================================
Received Import Request.
  Time since last request: 0.000020 seconds.
  path: Assets/PolyArt/Animals/Dogs/Prefabs/Lowpoly_Corgi_clear.prefab
  artifactKey: Guid(29a2fc9dd42e0934783eea3e89321e57) Importer(815301076,1909f56bfc062723c751e8b465ee728b)
Start importing Assets/PolyArt/Animals/Dogs/Prefabs/Lowpoly_Corgi_clear.prefab using Guid(29a2fc9dd42e0934783eea3e89321e57) Importer(815301076,1909f56bfc062723c751e8b465ee728b)  -> (artifact id: '405e10712eecbfdd437cba38a617ffab') in 0.016120 seconds 
========================================================================
Received Import Request.
  Time since last request: 0.000023 seconds.
  path: Assets/PolyArt/Animals/Dogs/Prefabs/Lowpoly_Corgi_IP.prefab
  artifactKey: Guid(90c4cdf5cc1d12141b25d91711fcde30) Importer(815301076,1909f56bfc062723c751e8b465ee728b)
Start importing Assets/PolyArt/Animals/Dogs/Prefabs/Lowpoly_Corgi_IP.prefab using Guid(90c4cdf5cc1d12141b25d91711fcde30) Importer(815301076,1909f56bfc062723c751e8b465ee728b)  -> (artifact id: '6698ba4a01b3dfcd68a8c33b1476a8bf') in 0.017233 seconds 
========================================================================
Received Import Request.
  Time since last request: 0.000023 seconds.
  path: Assets/PolyArt/Animals/Dogs/Prefabs/Lowpoly_JR_Terrier_RM.prefab
  artifactKey: Guid(a974d79099d4a7d43b38875c92d1e482) Importer(815301076,1909f56bfc062723c751e8b465ee728b)
Start importing Assets/PolyArt/Animals/Dogs/Prefabs/Lowpoly_JR_Terrier_RM.prefab using Guid(a974d79099d4a7d43b38875c92d1e482) Importer(815301076,1909f56bfc062723c751e8b465ee728b)  -> (artifact id: '9f28c8cfe2078ec3397ff2f3283bcbb3') in 0.015774 seconds 
========================================================================
Received Import Request.
  Time since last request: 0.000020 seconds.
  path: Assets/PolyArt/Animals/Dogs/Prefabs/Lowpoly_Husky_clear.prefab
  artifactKey: Guid(b51b12985bfcaa54491532f0abaefdb4) Importer(815301076,1909f56bfc062723c751e8b465ee728b)
Start importing Assets/PolyArt/Animals/Dogs/Prefabs/Lowpoly_Husky_clear.prefab using Guid(b51b12985bfcaa54491532f0abaefdb4) Importer(815301076,1909f56bfc062723c751e8b465ee728b)  -> (artifact id: '7a5f600c4a9ccd1920cff08040baed2f') in 0.014596 seconds 
========================================================================
Received Import Request.
  Time since last request: 0.000024 seconds.
  path: Assets/PolyArt/Animals/Dogs/Prefabs/Lowpoly_Retriever_IP.prefab
  artifactKey: Guid(ef87012332e0a0449b820f8ade879edd) Importer(815301076,1909f56bfc062723c751e8b465ee728b)
Start importing Assets/PolyArt/Animals/Dogs/Prefabs/Lowpoly_Retriever_IP.prefab using Guid(ef87012332e0a0449b820f8ade879edd) Importer(815301076,1909f56bfc062723c751e8b465ee728b)  -> (artifact id: '93d33c6c585325be21709bbf1a8b863f') in 0.015162 seconds 
========================================================================
Received Import Request.
  Time since last request: 22.383690 seconds.
  path: Assets/LowPoly Animal Package/Materials/Bird.mat
  artifactKey: Guid(6f0d4b2ff120e9a4dbf5ceeedaa5b48c) Importer(815301076,1909f56bfc062723c751e8b465ee728b)
Start importing Assets/LowPoly Animal Package/Materials/Bird.mat using Guid(6f0d4b2ff120e9a4dbf5ceeedaa5b48c) Importer(815301076,1909f56bfc062723c751e8b465ee728b)  -> (artifact id: '97a0421e90c296bea619a1004e93ef87') in 0.061140 seconds 
========================================================================
Received Import Request.
  Time since last request: 0.000024 seconds.
  path: Assets/LowPoly Animal Package/Materials/Shark.mat
  artifactKey: Guid(979050625bea18e48803374f37b04a1d) Importer(815301076,1909f56bfc062723c751e8b465ee728b)
Start importing Assets/LowPoly Animal Package/Materials/Shark.mat using Guid(979050625bea18e48803374f37b04a1d) Importer(815301076,1909f56bfc062723c751e8b465ee728b)  -> (artifact id: 'ee1e61aa68b726d62708fe59585f5034') in 0.012495 seconds 
========================================================================
Received Import Request.
  Time since last request: 0.000021 seconds.
  path: Assets/LowPoly Animal Package/Materials/Cow.mat
  artifactKey: Guid(9cad7bdddc045d5419db841503cec5d4) Importer(815301076,1909f56bfc062723c751e8b465ee728b)
Start importing Assets/LowPoly Animal Package/Materials/Cow.mat using Guid(9cad7bdddc045d5419db841503cec5d4) Importer(815301076,1909f56bfc062723c751e8b465ee728b)  -> (artifact id: 'df5899e15126c70cd5f6ca32e7edb009') in 0.014841 seconds 
========================================================================
Received Import Request.
  Time since last request: 0.000034 seconds.
  path: Assets/LowPoly Animal Package/Materials/Crow.mat
  artifactKey: Guid(0d85ca7c9f6128c4fb6c1f89ea20888d) Importer(815301076,1909f56bfc062723c751e8b465ee728b)
Start importing Assets/LowPoly Animal Package/Materials/Crow.mat using Guid(0d85ca7c9f6128c4fb6c1f89ea20888d) Importer(815301076,1909f56bfc062723c751e8b465ee728b)  -> (artifact id: '9fbcb68e40a7d3197a2e2cf992863d23') in 0.017635 seconds 
========================================================================
Received Import Request.
  Time since last request: 0.000026 seconds.
  path: Assets/LowPoly Animal Package/Materials/Hippo.mat
  artifactKey: Guid(d6cffe5db494d654083ae22f3ed0ecb5) Importer(815301076,1909f56bfc062723c751e8b465ee728b)
Start importing Assets/LowPoly Animal Package/Materials/Hippo.mat using Guid(d6cffe5db494d654083ae22f3ed0ecb5) Importer(815301076,1909f56bfc062723c751e8b465ee728b)  -> (artifact id: '4e3976ee66fb452bb990ded4b9626b63') in 0.013344 seconds 
========================================================================
Received Import Request.
  Time since last request: 0.000027 seconds.
  path: Assets/LowPoly Animal Package/Materials/Parrot.mat
  artifactKey: Guid(2cde31b5194216941b881ac850c6ffe6) Importer(815301076,1909f56bfc062723c751e8b465ee728b)
Start importing Assets/LowPoly Animal Package/Materials/Parrot.mat using Guid(2cde31b5194216941b881ac850c6ffe6) Importer(815301076,1909f56bfc062723c751e8b465ee728b)  -> (artifact id: 'fd89dd839aab31c1cc53216a268eef4d') in 0.021712 seconds 
========================================================================
Received Import Request.
  Time since last request: 0.000028 seconds.
  path: Assets/LowPoly Animal Package/Materials/Dog.mat
  artifactKey: Guid(bf841dd926c26904e833639e1ac7a968) Importer(815301076,1909f56bfc062723c751e8b465ee728b)
Start importing Assets/LowPoly Animal Package/Materials/Dog.mat using Guid(bf841dd926c26904e833639e1ac7a968) Importer(815301076,1909f56bfc062723c751e8b465ee728b)  -> (artifact id: 'cd0e668a90023adf637253e7a384efee') in 0.016761 seconds 
========================================================================
Received Import Request.
  Time since last request: 0.000020 seconds.
  path: Assets/LowPoly Animal Package/Materials/Terrain_1.mat
  artifactKey: Guid(9140447db7eafe44b9b040544751ac2b) Importer(815301076,1909f56bfc062723c751e8b465ee728b)
Start importing Assets/LowPoly Animal Package/Materials/Terrain_1.mat using Guid(9140447db7eafe44b9b040544751ac2b) Importer(815301076,1909f56bfc062723c751e8b465ee728b)  -> (artifact id: 'a2c0fa4f22aae7c0127c06417ceb919c') in 0.011070 seconds 
========================================================================
Received Import Request.
  Time since last request: 0.000021 seconds.
  path: Assets/LowPoly Animal Package/Materials/Rocks.mat
  artifactKey: Guid(33455ce0347b9184db78b60d4fda7761) Importer(815301076,1909f56bfc062723c751e8b465ee728b)
Start importing Assets/LowPoly Animal Package/Materials/Rocks.mat using Guid(33455ce0347b9184db78b60d4fda7761) Importer(815301076,1909f56bfc062723c751e8b465ee728b)  -> (artifact id: '7a843072063ddd7474c47aa69c3f7590') in 0.017716 seconds 
========================================================================
Received Import Request.
  Time since last request: 0.000020 seconds.
  path: Assets/LowPoly Animal Package/Materials/Vulture.mat
  artifactKey: Guid(55d40272ad83cef4989780fba9563cc3) Importer(815301076,1909f56bfc062723c751e8b465ee728b)
Start importing Assets/LowPoly Animal Package/Materials/Vulture.mat using Guid(55d40272ad83cef4989780fba9563cc3) Importer(815301076,1909f56bfc062723c751e8b465ee728b)  -> (artifact id: '473e588eabaa79b3b72a1a50aa90ba00') in 0.015811 seconds 
========================================================================
Received Import Request.
  Time since last request: 0.000032 seconds.
  path: Assets/LowPoly Animal Package/Materials/Terrain_2.mat
  artifactKey: Guid(0cd9a3dbccbf75141a1602fbcba4d1f8) Importer(815301076,1909f56bfc062723c751e8b465ee728b)
Start importing Assets/LowPoly Animal Package/Materials/Terrain_2.mat using Guid(0cd9a3dbccbf75141a1602fbcba4d1f8) Importer(815301076,1909f56bfc062723c751e8b465ee728b)  -> (artifact id: 'd5d7341f1595639287bf6d3a75719341') in 0.010914 seconds 
========================================================================
Received Import Request.
  Time since last request: 0.000025 seconds.
  path: Assets/LowPoly Animal Package/Materials/Water.mat
  artifactKey: Guid(3c09573e245bfbe4ea1c6ae6e8a0e9c6) Importer(815301076,1909f56bfc062723c751e8b465ee728b)
Start importing Assets/LowPoly Animal Package/Materials/Water.mat using Guid(3c09573e245bfbe4ea1c6ae6e8a0e9c6) Importer(815301076,1909f56bfc062723c751e8b465ee728b)  -> (artifact id: '5bec0ec12d0aa613fbe0213163db3a53') in 0.039054 seconds 
========================================================================
Received Import Request.
  Time since last request: 63.663198 seconds.
  path: Assets/SimpleInteriorsHouses/Prefabs/Door.prefab
  artifactKey: Guid(a32e9995f50889947b8e7a3d65fd3560) Importer(815301076,1909f56bfc062723c751e8b465ee728b)
Start importing Assets/SimpleInteriorsHouses/Prefabs/Door.prefab using Guid(a32e9995f50889947b8e7a3d65fd3560) Importer(815301076,1909f56bfc062723c751e8b465ee728b)  -> (artifact id: '6efcfb7da8f835eab78e48bb2a29956a') in 0.012169 seconds 
========================================================================
Received Import Request.
  Time since last request: 0.984647 seconds.
  path: Assets/SimpleInteriorsHouses/Prefabs/Floor_Carpet_Black.prefab
  artifactKey: Guid(d6f143bd606d59b44a91fb82d7fff49b) Importer(815301076,1909f56bfc062723c751e8b465ee728b)
Start importing Assets/SimpleInteriorsHouses/Prefabs/Floor_Carpet_Black.prefab using Guid(d6f143bd606d59b44a91fb82d7fff49b) Importer(815301076,1909f56bfc062723c751e8b465ee728b)  -> (artifact id: '1fc338ee5f321e3fcb4c706b456bc7c0') in 0.020338 seconds 
========================================================================
Received Import Request.
  Time since last request: 0.000024 seconds.
  path: Assets/SimpleInteriorsHouses/Prefabs/Prop_BunkBed_Blue.prefab
  artifactKey: Guid(7743c8fe3b54b0b468837bc0140a04a5) Importer(815301076,1909f56bfc062723c751e8b465ee728b)
Start importing Assets/SimpleInteriorsHouses/Prefabs/Prop_BunkBed_Blue.prefab using Guid(7743c8fe3b54b0b468837bc0140a04a5) Importer(815301076,1909f56bfc062723c751e8b465ee728b)  -> (artifact id: '62211f4bcb3d74945e15cbd57fb1a195') in 0.013192 seconds 
========================================================================
Received Import Request.
  Time since last request: 0.000032 seconds.
  path: Assets/SimpleInteriorsHouses/Prefabs/Prop_BathroomLight.prefab
  artifactKey: Guid(5227494d7a184da43b537779b6336712) Importer(815301076,1909f56bfc062723c751e8b465ee728b)
Start importing Assets/SimpleInteriorsHouses/Prefabs/Prop_BathroomLight.prefab using Guid(5227494d7a184da43b537779b6336712) Importer(815301076,1909f56bfc062723c751e8b465ee728b)  -> (artifact id: '1ca5fc03854e851073d67b15fef52a19') in 0.012448 seconds 
========================================================================
Received Import Request.
  Time since last request: 0.000024 seconds.
  path: Assets/SimpleInteriorsHouses/Prefabs/Prop_Books_01.prefab
  artifactKey: Guid(2d9b35e9ed6f4cf4c8b43ef8e7c6592b) Importer(815301076,1909f56bfc062723c751e8b465ee728b)
Start importing Assets/SimpleInteriorsHouses/Prefabs/Prop_Books_01.prefab using Guid(2d9b35e9ed6f4cf4c8b43ef8e7c6592b) Importer(815301076,1909f56bfc062723c751e8b465ee728b)  -> (artifact id: 'ecc978ee24e67332ac7c301d34c0b293') in 0.018203 seconds 
========================================================================
Received Import Request.
  Time since last request: 0.000022 seconds.
  path: Assets/SimpleInteriorsHouses/Prefabs/Prop_Candle_03.prefab
  artifactKey: Guid(3bf053f2a9f8e9544a865deb591d9c70) Importer(815301076,1909f56bfc062723c751e8b465ee728b)
Start importing Assets/SimpleInteriorsHouses/Prefabs/Prop_Candle_03.prefab using Guid(3bf053f2a9f8e9544a865deb591d9c70) Importer(815301076,1909f56bfc062723c751e8b465ee728b)  -> (artifact id: 'd90f9ec6d4669a1ee933f1cc79c54167') in 0.011377 seconds 
========================================================================
Received Import Request.
  Time since last request: 0.000021 seconds.
  path: Assets/SimpleInteriorsHouses/Prefabs/Prop_Candle_01.prefab
  artifactKey: Guid(8c283e87c3adcf74db5e0886c7065a38) Importer(815301076,1909f56bfc062723c751e8b465ee728b)
Start importing Assets/SimpleInteriorsHouses/Prefabs/Prop_Candle_01.prefab using Guid(8c283e87c3adcf74db5e0886c7065a38) Importer(815301076,1909f56bfc062723c751e8b465ee728b)  -> (artifact id: 'a912d487d69649f3f76794494b4cc017') in 0.010620 seconds 
========================================================================
Received Import Request.
  Time since last request: 0.000020 seconds.
  path: Assets/SimpleInteriorsHouses/Prefabs/Prop_BathMat_Blue.prefab
  artifactKey: Guid(01f76d3b6fc373f489f1ffc8ec9cb690) Importer(815301076,1909f56bfc062723c751e8b465ee728b)
Start importing Assets/SimpleInteriorsHouses/Prefabs/Prop_BathMat_Blue.prefab using Guid(01f76d3b6fc373f489f1ffc8ec9cb690) Importer(815301076,1909f56bfc062723c751e8b465ee728b)  -> (artifact id: '9d4a9c6f35aa63a51521bc42e41fe2a7') in 0.010195 seconds 
========================================================================
Received Import Request.
  Time since last request: 0.000021 seconds.
  path: Assets/SimpleInteriorsHouses/Prefabs/Door_02.prefab
  artifactKey: Guid(38779c9653e8f684cab84123989672e1) Importer(815301076,1909f56bfc062723c751e8b465ee728b)
Start importing Assets/SimpleInteriorsHouses/Prefabs/Door_02.prefab using Guid(38779c9653e8f684cab84123989672e1) Importer(815301076,1909f56bfc062723c751e8b465ee728b)  -> (artifact id: '26410a30a299f2e6c52a3c091e96792f') in 0.010704 seconds 
========================================================================
Received Import Request.
  Time since last request: 0.000026 seconds.
  path: Assets/SimpleInteriorsHouses/Prefabs/Prop_Big_Chair_01.prefab
  artifactKey: Guid(d7f5409e4fd8a7243aab4cf8d1a20a47) Importer(815301076,1909f56bfc062723c751e8b465ee728b)
Start importing Assets/SimpleInteriorsHouses/Prefabs/Prop_Big_Chair_01.prefab using Guid(d7f5409e4fd8a7243aab4cf8d1a20a47) Importer(815301076,1909f56bfc062723c751e8b465ee728b)  -> (artifact id: '7a7ffe2101e07158348eb44d565e8479') in 0.013827 seconds 
========================================================================
Received Import Request.
  Time since last request: 0.000025 seconds.
  path: Assets/SimpleInteriorsHouses/Prefabs/Prop_BunkBed_Pink.prefab
  artifactKey: Guid(2f2757609ec32ae40b2ae8ebbfd8a4d9) Importer(815301076,1909f56bfc062723c751e8b465ee728b)
Start importing Assets/SimpleInteriorsHouses/Prefabs/Prop_BunkBed_Pink.prefab using Guid(2f2757609ec32ae40b2ae8ebbfd8a4d9) Importer(815301076,1909f56bfc062723c751e8b465ee728b)  -> (artifact id: '7cbf6349d0fd49a19b2c32ab93d89f0f') in 0.010430 seconds 
========================================================================
Received Import Request.
  Time since last request: 0.000021 seconds.
  path: Assets/SimpleInteriorsHouses/Prefabs/Prop_Chair_01.prefab
  artifactKey: Guid(cdd7dee5e9a7a8f4e94e511f30ce5058) Importer(815301076,1909f56bfc062723c751e8b465ee728b)
Start importing Assets/SimpleInteriorsHouses/Prefabs/Prop_Chair_01.prefab using Guid(cdd7dee5e9a7a8f4e94e511f30ce5058) Importer(815301076,1909f56bfc062723c751e8b465ee728b)  -> (artifact id: 'a28b501c4dd44c43f58739a4e0dd4745') in 0.010678 seconds 
========================================================================
Received Import Request.
  Time since last request: 0.000018 seconds.
  path: Assets/SimpleInteriorsHouses/Prefabs/Floor_Carpet_Tiles.prefab
  artifactKey: Guid(ae6099407a74ae049bcc5e209fb2ea25) Importer(815301076,1909f56bfc062723c751e8b465ee728b)
Start importing Assets/SimpleInteriorsHouses/Prefabs/Floor_Carpet_Tiles.prefab using Guid(ae6099407a74ae049bcc5e209fb2ea25) Importer(815301076,1909f56bfc062723c751e8b465ee728b)  -> (artifact id: 'ee925fb72977f5da3d01e8238bbeef09') in 0.011066 seconds 
========================================================================
Received Import Request.
  Time since last request: 0.000026 seconds.
  path: Assets/SimpleInteriorsHouses/Prefabs/Prop_Books_02.prefab
  artifactKey: Guid(555dd9515ebd76f499825e5041ae7766) Importer(815301076,1909f56bfc062723c751e8b465ee728b)
Start importing Assets/SimpleInteriorsHouses/Prefabs/Prop_Books_02.prefab using Guid(555dd9515ebd76f499825e5041ae7766) Importer(815301076,1909f56bfc062723c751e8b465ee728b)  -> (artifact id: '88c7b00af3ce994491d35dfae6d04668') in 0.012459 seconds 
========================================================================
Received Import Request.
  Time since last request: 0.000023 seconds.
  path: Assets/SimpleInteriorsHouses/Prefabs/Floor_Carpet_White.prefab
  artifactKey: Guid(3a297a098c38eda439696f38f8b8b2b9) Importer(815301076,1909f56bfc062723c751e8b465ee728b)
Start importing Assets/SimpleInteriorsHouses/Prefabs/Floor_Carpet_White.prefab using Guid(3a297a098c38eda439696f38f8b8b2b9) Importer(815301076,1909f56bfc062723c751e8b465ee728b)  -> (artifact id: '23eed0b5f94fa296ca2e0566c7a93836') in 0.010552 seconds 
========================================================================
Received Import Request.
  Time since last request: 0.000034 seconds.
  path: Assets/SimpleInteriorsHouses/Prefabs/Prop_BathEmpty.prefab
  artifactKey: Guid(fbc5fe9b4683e4b4c886d44b34d2228d) Importer(815301076,1909f56bfc062723c751e8b465ee728b)
Start importing Assets/SimpleInteriorsHouses/Prefabs/Prop_BathEmpty.prefab using Guid(fbc5fe9b4683e4b4c886d44b34d2228d) Importer(815301076,1909f56bfc062723c751e8b465ee728b)  -> (artifact id: '37490e8a87095aab1324bfae16b62578') in 0.012517 seconds 
========================================================================
Received Import Request.
  Time since last request: 11.432574 seconds.
  path: Assets/SimpleInteriorsHouses/Prefabs/Prop_Chair_03.prefab
  artifactKey: Guid(fdf46fe0f329ae84db0dbb73ae7130c0) Importer(815301076,1909f56bfc062723c751e8b465ee728b)
Start importing Assets/SimpleInteriorsHouses/Prefabs/Prop_Chair_03.prefab using Guid(fdf46fe0f329ae84db0dbb73ae7130c0) Importer(815301076,1909f56bfc062723c751e8b465ee728b)  -> (artifact id: 'dce1c22a79bb006480d37860dfabb30c') in 0.013083 seconds 
========================================================================
Received Import Request.
  Time since last request: 0.000021 seconds.
  path: Assets/SimpleInteriorsHouses/Prefabs/Prop_Chair_07.prefab
  artifactKey: Guid(fc580d7f32f785f4b91e5ab87f63ab59) Importer(815301076,1909f56bfc062723c751e8b465ee728b)
Start importing Assets/SimpleInteriorsHouses/Prefabs/Prop_Chair_07.prefab using Guid(fc580d7f32f785f4b91e5ab87f63ab59) Importer(815301076,1909f56bfc062723c751e8b465ee728b)  -> (artifact id: 'd29b7b58112e2afb97ca3c6fc9bef2c9') in 0.018858 seconds 
========================================================================
Received Import Request.
  Time since last request: 0.000025 seconds.
  path: Assets/SimpleInteriorsHouses/Prefabs/Prop_Chair_06.prefab
  artifactKey: Guid(fd8167bc3b1235c4ca1d6eb6f018474d) Importer(815301076,1909f56bfc062723c751e8b465ee728b)
Start importing Assets/SimpleInteriorsHouses/Prefabs/Prop_Chair_06.prefab using Guid(fd8167bc3b1235c4ca1d6eb6f018474d) Importer(815301076,1909f56bfc062723c751e8b465ee728b)  -> (artifact id: '8f3092cfb316b698b2a8b2063285e8c1') in 0.022240 seconds 
========================================================================
Received Import Request.
  Time since last request: 2.092496 seconds.
  path: Assets/SimpleInteriorsHouses/Prefabs/Prop_Computer_Case.prefab
  artifactKey: Guid(1f5102f22d8a3a446bcd0012ed51b456) Importer(815301076,1909f56bfc062723c751e8b465ee728b)
Start importing Assets/SimpleInteriorsHouses/Prefabs/Prop_Computer_Case.prefab using Guid(1f5102f22d8a3a446bcd0012ed51b456) Importer(815301076,1909f56bfc062723c751e8b465ee728b)  -> (artifact id: 'ba864707424f5f5edd249150f5bf6acd') in 0.012812 seconds 
========================================================================
Received Import Request.
  Time since last request: 0.000021 seconds.
  path: Assets/SimpleInteriorsHouses/Prefabs/Prop_Computer_Screen.prefab
  artifactKey: Guid(5f9a66f95d8884044ba9163096adeaa1) Importer(815301076,1909f56bfc062723c751e8b465ee728b)
Start importing Assets/SimpleInteriorsHouses/Prefabs/Prop_Computer_Screen.prefab using Guid(5f9a66f95d8884044ba9163096adeaa1) Importer(815301076,1909f56bfc062723c751e8b465ee728b)  -> (artifact id: '5f4f1361052d95068cb0577151ede581') in 0.016812 seconds 
========================================================================
Received Import Request.
  Time since last request: 0.000023 seconds.
  path: Assets/SimpleInteriorsHouses/Prefabs/Prop_Computer_Mouse.prefab
  artifactKey: Guid(e9d6cad7aca36f342af66d00cc7066e2) Importer(815301076,1909f56bfc062723c751e8b465ee728b)
Start importing Assets/SimpleInteriorsHouses/Prefabs/Prop_Computer_Mouse.prefab using Guid(e9d6cad7aca36f342af66d00cc7066e2) Importer(815301076,1909f56bfc062723c751e8b465ee728b)  -> (artifact id: 'b8e99647e807b47402f480e1bc41ffd2') in 0.014068 seconds 
========================================================================
Received Import Request.
  Time since last request: 1.118497 seconds.
  path: Assets/SimpleInteriorsHouses/Prefabs/Prop_Couch_05.prefab
  artifactKey: Guid(d3b11e9cbe1573f419bc912dc423873b) Importer(815301076,1909f56bfc062723c751e8b465ee728b)
Start importing Assets/SimpleInteriorsHouses/Prefabs/Prop_Couch_05.prefab using Guid(d3b11e9cbe1573f419bc912dc423873b) Importer(815301076,1909f56bfc062723c751e8b465ee728b)  -> (artifact id: 'fd9e31c4d4e1dc0c1edd3879cc3c761d') in 0.013144 seconds 
========================================================================
Received Import Request.
  Time since last request: 0.000018 seconds.
  path: Assets/SimpleInteriorsHouses/Prefabs/Prop_Couch_09.prefab
  artifactKey: Guid(8fda63a0ded1f1c4dbfaaed0cfd8eada) Importer(815301076,1909f56bfc062723c751e8b465ee728b)
Start importing Assets/SimpleInteriorsHouses/Prefabs/Prop_Couch_09.prefab using Guid(8fda63a0ded1f1c4dbfaaed0cfd8eada) Importer(815301076,1909f56bfc062723c751e8b465ee728b)  -> (artifact id: 'c0acaf8137ff2ed230adb0b8fa17b407') in 0.020553 seconds 
========================================================================
Received Import Request.
  Time since last request: 0.418585 seconds.
  path: Assets/SimpleInteriorsHouses/Prefabs/Prop_Cupboard_04.prefab
  artifactKey: Guid(307a51f24a16a70449ddffc269c4a0a3) Importer(815301076,1909f56bfc062723c751e8b465ee728b)
Start importing Assets/SimpleInteriorsHouses/Prefabs/Prop_Cupboard_04.prefab using Guid(307a51f24a16a70449ddffc269c4a0a3) Importer(815301076,1909f56bfc062723c751e8b465ee728b)  -> (artifact id: '4993cedfbaef3b867d51401f2341684a') in 0.015381 seconds 
========================================================================
Received Import Request.
  Time since last request: 0.000024 seconds.
  path: Assets/SimpleInteriorsHouses/Prefabs/Prop_Curtains_Blue.prefab
  artifactKey: Guid(2037af698594e6a4497fdcead2541d3c) Importer(815301076,1909f56bfc062723c751e8b465ee728b)
Start importing Assets/SimpleInteriorsHouses/Prefabs/Prop_Curtains_Blue.prefab using Guid(2037af698594e6a4497fdcead2541d3c) Importer(815301076,1909f56bfc062723c751e8b465ee728b)  -> (artifact id: 'ab9be22ac2ff2eb0892c7674591cbe19') in 0.015251 seconds 
========================================================================
Received Import Request.
  Time since last request: 0.000029 seconds.
  path: Assets/SimpleInteriorsHouses/Prefabs/Prop_Cupboards_Red.prefab
  artifactKey: Guid(60c8890be4fdb1b4bbfc08bd345f0aa4) Importer(815301076,1909f56bfc062723c751e8b465ee728b)
Start importing Assets/SimpleInteriorsHouses/Prefabs/Prop_Cupboards_Red.prefab using Guid(60c8890be4fdb1b4bbfc08bd345f0aa4) Importer(815301076,1909f56bfc062723c751e8b465ee728b)  -> (artifact id: '8433832dd693eeb60eac0420935ed892') in 0.021487 seconds 
========================================================================
Received Import Request.
  Time since last request: 1.280802 seconds.
  path: Assets/SimpleInteriorsHouses/Prefabs/Prop_Cushion_01.prefab
  artifactKey: Guid(671c76ce47c226044b6289b25e8a203b) Importer(815301076,1909f56bfc062723c751e8b465ee728b)
Start importing Assets/SimpleInteriorsHouses/Prefabs/Prop_Cushion_01.prefab using Guid(671c76ce47c226044b6289b25e8a203b) Importer(815301076,1909f56bfc062723c751e8b465ee728b)  -> (artifact id: 'fcfe2a74de31c98449bb1d8e2d2f416b') in 0.015304 seconds 
========================================================================
Received Import Request.
  Time since last request: 0.000021 seconds.
  path: Assets/SimpleInteriorsHouses/Prefabs/Prop_DoubleBed_Blue.prefab
  artifactKey: Guid(1a2becbdb479b0c489b64656c9ec3e61) Importer(815301076,1909f56bfc062723c751e8b465ee728b)
Start importing Assets/SimpleInteriorsHouses/Prefabs/Prop_DoubleBed_Blue.prefab using Guid(1a2becbdb479b0c489b64656c9ec3e61) Importer(815301076,1909f56bfc062723c751e8b465ee728b)  -> (artifact id: 'b1395add74f457d3118b41df8dd625b5') in 0.023942 seconds 
========================================================================
Received Import Request.
  Time since last request: 0.000022 seconds.
  path: Assets/SimpleInteriorsHouses/Prefabs/Prop_Desk_01.prefab
  artifactKey: Guid(1b0e4052847966a488cf35c135cfbd2c) Importer(815301076,1909f56bfc062723c751e8b465ee728b)
Start importing Assets/SimpleInteriorsHouses/Prefabs/Prop_Desk_01.prefab using Guid(1b0e4052847966a488cf35c135cfbd2c) Importer(815301076,1909f56bfc062723c751e8b465ee728b)  -> (artifact id: 'f5bc12335c32683b9c298a499c637696') in 0.013409 seconds 
========================================================================
Received Import Request.
  Time since last request: 0.000021 seconds.
  path: Assets/SimpleInteriorsHouses/Prefabs/Prop_Draw_06.prefab
  artifactKey: Guid(3da5dbd05dc83f9429000d67c8a08d90) Importer(815301076,1909f56bfc062723c751e8b465ee728b)
Start importing Assets/SimpleInteriorsHouses/Prefabs/Prop_Draw_06.prefab using Guid(3da5dbd05dc83f9429000d67c8a08d90) Importer(815301076,1909f56bfc062723c751e8b465ee728b)  -> (artifact id: 'bb78f560df87e4cc04e89c50e53b1576') in 0.016909 seconds 
========================================================================
Received Import Request.
  Time since last request: 0.000022 seconds.
  path: Assets/SimpleInteriorsHouses/Prefabs/Prop_Draw_01.prefab
  artifactKey: Guid(8027740e2ac46c44195cfa8366f70450) Importer(815301076,1909f56bfc062723c751e8b465ee728b)
Start importing Assets/SimpleInteriorsHouses/Prefabs/Prop_Draw_01.prefab using Guid(8027740e2ac46c44195cfa8366f70450) Importer(815301076,1909f56bfc062723c751e8b465ee728b)  -> (artifact id: '2ac4729e3057131a6d84e0ee61c83f06') in 0.013863 seconds 
========================================================================
Received Import Request.
  Time since last request: 0.770848 seconds.
  path: Assets/SimpleInteriorsHouses/Prefabs/Prop_Dryer.prefab
  artifactKey: Guid(c06db4baae3db5c4297e3afff138fdcd) Importer(815301076,1909f56bfc062723c751e8b465ee728b)
Start importing Assets/SimpleInteriorsHouses/Prefabs/Prop_Dryer.prefab using Guid(c06db4baae3db5c4297e3afff138fdcd) Importer(815301076,1909f56bfc062723c751e8b465ee728b)  -> (artifact id: 'e4a83f73f8a4c4389e2854c0f4fc8ac7') in 0.015158 seconds 
========================================================================
Received Import Request.
  Time since last request: 0.000028 seconds.
  path: Assets/SimpleInteriorsHouses/Prefabs/Prop_Food_Bowl_02.prefab
  artifactKey: Guid(129c6b5880004d94598ac7ccf8a68b48) Importer(815301076,1909f56bfc062723c751e8b465ee728b)
Start importing Assets/SimpleInteriorsHouses/Prefabs/Prop_Food_Bowl_02.prefab using Guid(129c6b5880004d94598ac7ccf8a68b48) Importer(815301076,1909f56bfc062723c751e8b465ee728b)  -> (artifact id: 'a7d6317aace284dd0df4b34aebe3df42') in 0.018694 seconds 
========================================================================
Received Prepare
Registering precompiled user dll's ...
Registered in 0.020906 seconds.
Begin MonoManager ReloadAssembly
Symbol file LoadedFromMemory doesn't match image C:\Users\PC\Documents\GitHub\Game-Sucks\GameSucks\Library\PackageCache\com.unity.visualscripting@1.7.8\Editor\VisualScripting.Core\Dependencies\YamlDotNet\Unity.VisualScripting.YamlDotNet.dll
Symbol file LoadedFromMemory doesn't match image C:\Users\PC\Documents\GitHub\Game-Sucks\GameSucks\Library\PackageCache\com.unity.visualscripting@1.7.8\Editor\VisualScripting.Core\Dependencies\DotNetZip\Unity.VisualScripting.IonicZip.dll
Native extension for WindowsStandalone target not found
Native extension for iOS target not found
Native extension for Android target not found
Refreshing native plugins compatible for Editor in 1.30 ms, found 3 plugins.
Preloading 0 native plugins for Editor in 0.00 ms.
Mono: successfully reloaded assembly
- Completed reload, in  1.177 seconds
Domain Reload Profiling:
	ReloadAssembly (1177ms)
		BeginReloadAssembly (148ms)
			ExecutionOrderSort (0ms)
			DisableScriptedObjects (6ms)
			BackupInstance (0ms)
			ReleaseScriptingObjects (0ms)
			CreateAndSetChildDomain (41ms)
		EndReloadAssembly (924ms)
			LoadAssemblies (110ms)
			RebuildTransferFunctionScriptingTraits (0ms)
			SetupTypeCache (251ms)
			ReleaseScriptCaches (2ms)
			RebuildScriptCaches (41ms)
			SetupLoadedEditorAssemblies (435ms)
				LogAssemblyErrors (0ms)
				InitializePlatformSupportModulesInManaged (37ms)
				SetLoadedEditorAssemblies (1ms)
				RefreshPlugins (1ms)
				BeforeProcessingInitializeOnLoad (102ms)
				ProcessInitializeOnLoadAttributes (195ms)
				ProcessInitializeOnLoadMethodAttributes (82ms)
				AfterProcessingInitializeOnLoad (17ms)
				EditorAssembliesLoaded (0ms)
			ExecutionOrderSort2 (0ms)
			AwakeInstancesAfterBackupRestoration (25ms)
Platform modules already initialized, skipping
Refreshing native plugins compatible for Editor in 3.05 ms, found 3 plugins.
Preloading 0 native plugins for Editor in 0.00 ms.
Unloading 4926 Unused Serialized files (Serialized files now loaded: 0)
Unloading 34 unused Assets / (0.7 MB). Loaded Objects now: 5600.
Memory consumption went from 195.9 MB to 195.3 MB.
Total: 3.020600 ms (FindLiveObjects: 0.312800 ms CreateObjectMapping: 0.129200 ms MarkObjects: 2.337800 ms  DeleteObjects: 0.240000 ms)

AssetImportParameters requested are different than current active one (requested -> active):
  custom:video-decoder-ogg-theora: a1e56fd34408186e4bbccfd4996cb3dc -> 
  custom:container-muxer-webm: aa71ff27fc2769a1b78a27578f13a17b -> 
  custom:container-demuxer-webm: 4f35f7cbe854078d1ac9338744f61a02 -> 
  custom:video-encoder-webm-vp8: eb34c28f22e8b96e1ab97ce403110664 -> 
  custom:audio-encoder-webm-vorbis: bf7c407c2cedff20999df2af8eb42d56 -> 
  custom:framework-win-MediaFoundation: 216162199b28c13a410421893ffa2e32 -> 
  custom:container-demuxer-ogg: 62fdf1f143b41e24485cea50d1cbac27 -> 
  custom:video-decoder-webm-vp8: 9c59270c3fd7afecdb556c50c9e8de78 -> 
  custom:audio-decoder-ogg-vorbis: bf7c407c2cedff20999df2af8eb42d56 -> 
Editor requested this worker to shutdown with reason: Scaling down because of idle timeout
AssetImportWorker is now disconnected from the server
Process exiting
Exiting without the bug reporter. Application will terminate with return code 0