Using pre-set license
Built from '2021.3/staging' branch; Version is '2021.3.6f1 (7da38d85baf6) revision 8233869'; Using compiler version '192829333'; Build Type 'Release'
OS: 'Windows 10  (10.0.19044) 64bit Professional' Language: 'tr' Physical Memory: 16277 MB
BatchMode: 1, IsHumanControllingUs: 0, StartBugReporterOnCrash: 0, Is64bit: 1, IsPro: 1

COMMAND LINE ARGUMENTS:
C:\Program Files\Unity\Hub\Editor\2021.3.6f1\Editor\Unity.exe
-adb2
-batchMode
-noUpm
-name
AssetImportWorker2
-projectPath
C:/Users/PC/Documents/GitHub/Game-Sucks/GameSucks
-logFile
Logs/AssetImportWorker2.log
-srvPort
51078
Successfully changed project path to: C:/Users/PC/Documents/GitHub/Game-Sucks/GameSucks
C:/Users/PC/Documents/GitHub/Game-Sucks/GameSucks
[UnityMemory] Configuration Parameters - Can be set up in boot.config
    "memorysetup-bucket-allocator-granularity=16"
    "memorysetup-bucket-allocator-bucket-count=8"
    "memorysetup-bucket-allocator-block-size=33554432"
    "memorysetup-bucket-allocator-block-count=8"
    "memorysetup-main-allocator-block-size=16777216"
    "memorysetup-thread-allocator-block-size=16777216"
    "memorysetup-gfx-main-allocator-block-size=16777216"
    "memorysetup-gfx-thread-allocator-block-size=16777216"
    "memorysetup-cache-allocator-block-size=4194304"
    "memorysetup-typetree-allocator-block-size=2097152"
    "memorysetup-profiler-bucket-allocator-granularity=16"
    "memorysetup-profiler-bucket-allocator-bucket-count=8"
    "memorysetup-profiler-bucket-allocator-block-size=33554432"
    "memorysetup-profiler-bucket-allocator-block-count=8"
    "memorysetup-profiler-allocator-block-size=16777216"
    "memorysetup-profiler-editor-allocator-block-size=1048576"
    "memorysetup-temp-allocator-size-main=16777216"
    "memorysetup-job-temp-allocator-block-size=2097152"
    "memorysetup-job-temp-allocator-block-size-background=1048576"
    "memorysetup-job-temp-allocator-reduction-small-platforms=262144"
    "memorysetup-temp-allocator-size-background-worker=32768"
    "memorysetup-temp-allocator-size-job-worker=262144"
    "memorysetup-temp-allocator-size-preload-manager=33554432"
    "memorysetup-temp-allocator-size-nav-mesh-worker=65536"
    "memorysetup-temp-allocator-size-audio-worker=65536"
    "memorysetup-temp-allocator-size-cloud-worker=32768"
    "memorysetup-temp-allocator-size-gi-baking-worker=262144"
    "memorysetup-temp-allocator-size-gfx=262144"
Refreshing native plugins compatible for Editor in 95.04 ms, found 3 plugins.
Preloading 0 native plugins for Editor in 0.00 ms.
Initialize engine version: 2021.3.6f1 (7da38d85baf6)
[Subsystems] Discovering subsystems at path C:/Program Files/Unity/Hub/Editor/2021.3.6f1/Editor/Data/Resources/UnitySubsystems
[Subsystems] Discovering subsystems at path C:/Users/PC/Documents/GitHub/Game-Sucks/GameSucks/Assets
GfxDevice: creating device client; threaded=0; jobified=0
Direct3D:
    Version:  Direct3D 11.0 [level 11.1]
    Renderer: NVIDIA GeForce RTX 3060 (ID=0x2504)
    Vendor:   NVIDIA
    VRAM:     12142 MB
    Driver:   30.0.15.1295
Initialize mono
Mono path[0] = 'C:/Program Files/Unity/Hub/Editor/2021.3.6f1/Editor/Data/Managed'
Mono path[1] = 'C:/Program Files/Unity/Hub/Editor/2021.3.6f1/Editor/Data/MonoBleedingEdge/lib/mono/unityjit-win32'
Mono config path = 'C:/Program Files/Unity/Hub/Editor/2021.3.6f1/Editor/Data/MonoBleedingEdge/etc'
Using monoOptions --debugger-agent=transport=dt_socket,embedding=1,server=y,suspend=n,address=127.0.0.1:56480
Begin MonoManager ReloadAssembly
Registering precompiled unity dll's ...
Register platform support module: C:/Program Files/Unity/Hub/Editor/2021.3.6f1/Editor/Data/PlaybackEngines/AndroidPlayer/UnityEditor.Android.Extensions.dll
Register platform support module: C:/Program Files/Unity/Hub/Editor/2021.3.6f1/Editor/Data/PlaybackEngines/iOSSupport/UnityEditor.iOS.Extensions.dll
Register platform support module: C:/Program Files/Unity/Hub/Editor/2021.3.6f1/Editor/Data/PlaybackEngines/WindowsStandaloneSupport/UnityEditor.WindowsStandalone.Extensions.dll
Registered in 0.009662 seconds.
Native extension for WindowsStandalone target not found
[usbmuxd] Start listen thread
[usbmuxd] Listen thread started
Native extension for iOS target not found
Native extension for Android target not found
Refreshing native plugins compatible for Editor in 86.62 ms, found 3 plugins.
Preloading 0 native plugins for Editor in 0.00 ms.
Mono: successfully reloaded assembly
- Completed reload, in  0.572 seconds
Domain Reload Profiling:
	ReloadAssembly (572ms)
		BeginReloadAssembly (71ms)
			ExecutionOrderSort (0ms)
			DisableScriptedObjects (0ms)
			BackupInstance (0ms)
			ReleaseScriptingObjects (0ms)
			CreateAndSetChildDomain (1ms)
		EndReloadAssembly (398ms)
			LoadAssemblies (67ms)
			RebuildTransferFunctionScriptingTraits (0ms)
			SetupTypeCache (80ms)
			ReleaseScriptCaches (0ms)
			RebuildScriptCaches (19ms)
			SetupLoadedEditorAssemblies (252ms)
				LogAssemblyErrors (0ms)
				InitializePlatformSupportModulesInManaged (55ms)
				SetLoadedEditorAssemblies (0ms)
				RefreshPlugins (87ms)
				BeforeProcessingInitializeOnLoad (1ms)
				ProcessInitializeOnLoadAttributes (73ms)
				ProcessInitializeOnLoadMethodAttributes (36ms)
				AfterProcessingInitializeOnLoad (0ms)
				EditorAssembliesLoaded (0ms)
			ExecutionOrderSort2 (0ms)
			AwakeInstancesAfterBackupRestoration (0ms)
Platform modules already initialized, skipping
Registering precompiled user dll's ...
Registered in 0.011574 seconds.
Begin MonoManager ReloadAssembly
Symbol file LoadedFromMemory doesn't match image C:\Users\PC\Documents\GitHub\Game-Sucks\GameSucks\Library\PackageCache\com.unity.visualscripting@1.7.8\Editor\VisualScripting.Core\Dependencies\YamlDotNet\Unity.VisualScripting.YamlDotNet.dll
Symbol file LoadedFromMemory doesn't match image C:\Users\PC\Documents\GitHub\Game-Sucks\GameSucks\Library\PackageCache\com.unity.visualscripting@1.7.8\Editor\VisualScripting.Core\Dependencies\DotNetZip\Unity.VisualScripting.IonicZip.dll
Native extension for WindowsStandalone target not found
Native extension for iOS target not found
Native extension for Android target not found
Refreshing native plugins compatible for Editor in 81.86 ms, found 3 plugins.
Preloading 0 native plugins for Editor in 0.00 ms.
Mono: successfully reloaded assembly
- Completed reload, in  1.140 seconds
Domain Reload Profiling:
	ReloadAssembly (1141ms)
		BeginReloadAssembly (213ms)
			ExecutionOrderSort (0ms)
			DisableScriptedObjects (5ms)
			BackupInstance (0ms)
			ReleaseScriptingObjects (0ms)
			CreateAndSetChildDomain (131ms)
		EndReloadAssembly (823ms)
			LoadAssemblies (89ms)
			RebuildTransferFunctionScriptingTraits (0ms)
			SetupTypeCache (195ms)
			ReleaseScriptCaches (1ms)
			RebuildScriptCaches (42ms)
			SetupLoadedEditorAssemblies (460ms)
				LogAssemblyErrors (0ms)
				InitializePlatformSupportModulesInManaged (20ms)
				SetLoadedEditorAssemblies (0ms)
				RefreshPlugins (82ms)
				BeforeProcessingInitializeOnLoad (94ms)
				ProcessInitializeOnLoadAttributes (183ms)
				ProcessInitializeOnLoadMethodAttributes (67ms)
				AfterProcessingInitializeOnLoad (14ms)
				EditorAssembliesLoaded (0ms)
			ExecutionOrderSort2 (0ms)
			AwakeInstancesAfterBackupRestoration (7ms)
Platform modules already initialized, skipping
========================================================================
Worker process is ready to serve import requests
Launched and connected shader compiler UnityShaderCompiler.exe after 0.04 seconds
Refreshing native plugins compatible for Editor in 0.80 ms, found 3 plugins.
Preloading 0 native plugins for Editor in 0.00 ms.
Unloading 5020 Unused Serialized files (Serialized files now loaded: 0)
Unloading 34 unused Assets / (0.7 MB). Loaded Objects now: 5473.
Memory consumption went from 194.2 MB to 193.5 MB.
Total: 3.239600 ms (FindLiveObjects: 0.328500 ms CreateObjectMapping: 0.150700 ms MarkObjects: 2.521100 ms  DeleteObjects: 0.238400 ms)

AssetImportParameters requested are different than current active one (requested -> active):
  custom:video-decoder-ogg-theora: a1e56fd34408186e4bbccfd4996cb3dc -> 
  custom:container-muxer-webm: aa71ff27fc2769a1b78a27578f13a17b -> 
  custom:container-demuxer-webm: 4f35f7cbe854078d1ac9338744f61a02 -> 
  custom:video-encoder-webm-vp8: eb34c28f22e8b96e1ab97ce403110664 -> 
  custom:audio-encoder-webm-vorbis: bf7c407c2cedff20999df2af8eb42d56 -> 
  custom:framework-win-MediaFoundation: 216162199b28c13a410421893ffa2e32 -> 
  custom:container-demuxer-ogg: 62fdf1f143b41e24485cea50d1cbac27 -> 
  custom:video-decoder-webm-vp8: 9c59270c3fd7afecdb556c50c9e8de78 -> 
  custom:audio-decoder-ogg-vorbis: bf7c407c2cedff20999df2af8eb42d56 -> 
========================================================================
Received Import Request.
  Time since last request: 1588299.816131 seconds.
  path: Assets/PolyArt/Animals/Dogs/Materials
  artifactKey: Guid(c1c909476d2dd634cb7e794173ee6a33) Importer(815301076,1909f56bfc062723c751e8b465ee728b)
Start importing Assets/PolyArt/Animals/Dogs/Materials using Guid(c1c909476d2dd634cb7e794173ee6a33) Importer(815301076,1909f56bfc062723c751e8b465ee728b)  -> (artifact id: '5f5e65cee6325135a264301a811fc86e') in 0.009921 seconds 
========================================================================
Received Import Request.
  Time since last request: 0.021070 seconds.
  path: Assets/PolyArt/Animals/Dogs/Materials/Lowpoly_Dogs_color.mat
  artifactKey: Guid(1e14009e000c7024ebed63d0af4d5d78) Importer(815301076,1909f56bfc062723c751e8b465ee728b)
Start importing Assets/PolyArt/Animals/Dogs/Materials/Lowpoly_Dogs_color.mat using Guid(1e14009e000c7024ebed63d0af4d5d78) Importer(815301076,1909f56bfc062723c751e8b465ee728b)  -> (artifact id: 'ff29290e7d363d1233a434f12182ce10') in 0.223642 seconds 
========================================================================
Received Import Request.
  Time since last request: 0.440088 seconds.
  path: Assets/PolyArt/Animals/Dogs/Texture/PolyArt_Dogs_color.png
  artifactKey: Guid(0a78b424d76ba984388a1f2e16591500) Importer(815301076,1909f56bfc062723c751e8b465ee728b)
Start importing Assets/PolyArt/Animals/Dogs/Texture/PolyArt_Dogs_color.png using Guid(0a78b424d76ba984388a1f2e16591500) Importer(815301076,1909f56bfc062723c751e8b465ee728b)  -> (artifact id: 'c818d8317ccef379daf81e339073e47d') in 0.022761 seconds 
========================================================================
Received Import Request.
  Time since last request: 13.918160 seconds.
  path: Assets/LowPoly Animal Package/Materials
  artifactKey: Guid(c7bca11b59d3645408b38690ed657f69) Importer(815301076,1909f56bfc062723c751e8b465ee728b)
Start importing Assets/LowPoly Animal Package/Materials using Guid(c7bca11b59d3645408b38690ed657f69) Importer(815301076,1909f56bfc062723c751e8b465ee728b)  -> (artifact id: '9d88b4bd4a975d8fe975767f5c89c4ea') in 0.001832 seconds 
========================================================================
Received Import Request.
  Time since last request: 0.029210 seconds.
  path: Assets/LowPoly Animal Package/Materials/Bear.mat
  artifactKey: Guid(cd4be6ca35076f946904c9e1ae5ee484) Importer(815301076,1909f56bfc062723c751e8b465ee728b)
Start importing Assets/LowPoly Animal Package/Materials/Bear.mat using Guid(cd4be6ca35076f946904c9e1ae5ee484) Importer(815301076,1909f56bfc062723c751e8b465ee728b)  -> (artifact id: 'ec32f3782b81b177827c87386e5c8591') in 0.047961 seconds 
========================================================================
Received Import Request.
  Time since last request: 0.000020 seconds.
  path: Assets/LowPoly Animal Package/Materials/Skybox.mat
  artifactKey: Guid(23ab45e4d93dda042a1767f6d4ecff0b) Importer(815301076,1909f56bfc062723c751e8b465ee728b)
Start importing Assets/LowPoly Animal Package/Materials/Skybox.mat using Guid(23ab45e4d93dda042a1767f6d4ecff0b) Importer(815301076,1909f56bfc062723c751e8b465ee728b)  -> (artifact id: '1bf707cacc76997aff889e1a899c3401') in 0.082166 seconds 
========================================================================
Received Import Request.
  Time since last request: 0.000024 seconds.
  path: Assets/LowPoly Animal Package/Materials/Tiger.mat
  artifactKey: Guid(cc1ec5caae66bb74890095b658233ea1) Importer(815301076,1909f56bfc062723c751e8b465ee728b)
Start importing Assets/LowPoly Animal Package/Materials/Tiger.mat using Guid(cc1ec5caae66bb74890095b658233ea1) Importer(815301076,1909f56bfc062723c751e8b465ee728b)  -> (artifact id: 'f06523c2a787d96a6a162b7f1f3894c9') in 0.020584 seconds 
========================================================================
Received Import Request.
  Time since last request: 0.000033 seconds.
  path: Assets/LowPoly Animal Package/Materials/Cat.mat
  artifactKey: Guid(9c7bca72162fbab449d69a28557e9c2d) Importer(815301076,1909f56bfc062723c751e8b465ee728b)
Start importing Assets/LowPoly Animal Package/Materials/Cat.mat using Guid(9c7bca72162fbab449d69a28557e9c2d) Importer(815301076,1909f56bfc062723c751e8b465ee728b)  -> (artifact id: 'f0849e26be5cd49a1f099b634c2f5396') in 0.015949 seconds 
========================================================================
Received Import Request.
  Time since last request: 0.000026 seconds.
  path: Assets/LowPoly Animal Package/Materials/Pig.mat
  artifactKey: Guid(63ae5741040c93741b28af92cd001ca0) Importer(815301076,1909f56bfc062723c751e8b465ee728b)
Start importing Assets/LowPoly Animal Package/Materials/Pig.mat using Guid(63ae5741040c93741b28af92cd001ca0) Importer(815301076,1909f56bfc062723c751e8b465ee728b)  -> (artifact id: 'e48ded7c6dbd2fd00610c2b5947354bd') in 0.016444 seconds 
========================================================================
Received Import Request.
  Time since last request: 0.000023 seconds.
  path: Assets/LowPoly Animal Package/Materials/Penguin.mat
  artifactKey: Guid(e7cbf6df4a2582b40be0b0931ab91caa) Importer(815301076,1909f56bfc062723c751e8b465ee728b)
Start importing Assets/LowPoly Animal Package/Materials/Penguin.mat using Guid(e7cbf6df4a2582b40be0b0931ab91caa) Importer(815301076,1909f56bfc062723c751e8b465ee728b)  -> (artifact id: 'd65f61efe8036b725664e9d1afa81bb9') in 0.015420 seconds 
========================================================================
Received Import Request.
  Time since last request: 0.000020 seconds.
  path: Assets/LowPoly Animal Package/Materials/Deer.mat
  artifactKey: Guid(7cbdfccf1e230534e8533ad935a2d089) Importer(815301076,1909f56bfc062723c751e8b465ee728b)
Start importing Assets/LowPoly Animal Package/Materials/Deer.mat using Guid(7cbdfccf1e230534e8533ad935a2d089) Importer(815301076,1909f56bfc062723c751e8b465ee728b)  -> (artifact id: 'b9e0cbb013aaa35f03e68941f84eaf28') in 0.013065 seconds 
========================================================================
Received Import Request.
  Time since last request: 0.000021 seconds.
  path: Assets/LowPoly Animal Package/Materials/Horse.mat
  artifactKey: Guid(4c34998c08df88d449dfbd697022a720) Importer(815301076,1909f56bfc062723c751e8b465ee728b)
Start importing Assets/LowPoly Animal Package/Materials/Horse.mat using Guid(4c34998c08df88d449dfbd697022a720) Importer(815301076,1909f56bfc062723c751e8b465ee728b)  -> (artifact id: '95103ed0e438f2e0a611bbc159d8479c') in 0.013872 seconds 
========================================================================
Received Import Request.
  Time since last request: 0.000019 seconds.
  path: Assets/LowPoly Animal Package/Materials/Lion.mat
  artifactKey: Guid(45a7fc17ed4c3994bbc7bb1094d793e7) Importer(815301076,1909f56bfc062723c751e8b465ee728b)
Start importing Assets/LowPoly Animal Package/Materials/Lion.mat using Guid(45a7fc17ed4c3994bbc7bb1094d793e7) Importer(815301076,1909f56bfc062723c751e8b465ee728b)  -> (artifact id: 'b8a1a2a69fbd212ed7f4556a676c2a59') in 0.012815 seconds 
========================================================================
Received Import Request.
  Time since last request: 0.000019 seconds.
  path: Assets/LowPoly Animal Package/Materials/Mouse.mat
  artifactKey: Guid(81af2848565866f4fa8273afbeab1b6b) Importer(815301076,1909f56bfc062723c751e8b465ee728b)
Start importing Assets/LowPoly Animal Package/Materials/Mouse.mat using Guid(81af2848565866f4fa8273afbeab1b6b) Importer(815301076,1909f56bfc062723c751e8b465ee728b)  -> (artifact id: '1e5ec231a4503d8a26e7430116eaeb71') in 0.014416 seconds 
========================================================================
Received Import Request.
  Time since last request: 15.433490 seconds.
  path: Assets/Game
  artifactKey: Guid(3195410d740476441928081070983be5) Importer(815301076,1909f56bfc062723c751e8b465ee728b)
Start importing Assets/Game using Guid(3195410d740476441928081070983be5) Importer(815301076,1909f56bfc062723c751e8b465ee728b)  -> (artifact id: '68533e32ce4380ce7d47d81ee0bcf63c') in 0.002072 seconds 
========================================================================
Received Import Request.
  Time since last request: 47.076283 seconds.
  path: Assets/SimpleInteriorsHouses
  artifactKey: Guid(57ffee9ea30e00f439320aa2b1050501) Importer(815301076,1909f56bfc062723c751e8b465ee728b)
Start importing Assets/SimpleInteriorsHouses using Guid(57ffee9ea30e00f439320aa2b1050501) Importer(815301076,1909f56bfc062723c751e8b465ee728b)  -> (artifact id: '5046c97437ae3e9d601a3f92bbb1650e') in 0.002466 seconds 
========================================================================
Received Import Request.
  Time since last request: 1.100504 seconds.
  path: Assets/SimpleInteriorsHouses/Prefabs
  artifactKey: Guid(a3dd74e8ff11d69479f18bb44ed1930f) Importer(815301076,1909f56bfc062723c751e8b465ee728b)
Start importing Assets/SimpleInteriorsHouses/Prefabs using Guid(a3dd74e8ff11d69479f18bb44ed1930f) Importer(815301076,1909f56bfc062723c751e8b465ee728b)  -> (artifact id: '5db77736a179fa83e8181540d4a4fdbb') in 0.001641 seconds 
========================================================================
Received Import Request.
  Time since last request: 0.037166 seconds.
  path: Assets/SimpleInteriorsHouses/Prefabs/Ceiling.prefab
  artifactKey: Guid(0a8569072b90dbd4d84c0ea20ef702e3) Importer(815301076,1909f56bfc062723c751e8b465ee728b)
Start importing Assets/SimpleInteriorsHouses/Prefabs/Ceiling.prefab using Guid(0a8569072b90dbd4d84c0ea20ef702e3) Importer(815301076,1909f56bfc062723c751e8b465ee728b)  -> (artifact id: 'd82889961ab3d810aceccc38db561d16') in 0.022572 seconds 
========================================================================
Received Import Request.
  Time since last request: 0.974702 seconds.
  path: Assets/SimpleInteriorsHouses/Prefabs/Floor_Carpet_Blue 1.prefab
  artifactKey: Guid(4f8cfa89dcd05b541aaf2a8c9371939c) Importer(815301076,1909f56bfc062723c751e8b465ee728b)
Start importing Assets/SimpleInteriorsHouses/Prefabs/Floor_Carpet_Blue 1.prefab using Guid(4f8cfa89dcd05b541aaf2a8c9371939c) Importer(815301076,1909f56bfc062723c751e8b465ee728b)  -> (artifact id: '94ec2d42308f56db311602cc92c7ebf7') in 0.014290 seconds 
========================================================================
Received Import Request.
  Time since last request: 0.000026 seconds.
  path: Assets/SimpleInteriorsHouses/Prefabs/Prop_Bar_Bench.prefab
  artifactKey: Guid(fd5f8faa00480a444bf47f5d10076a8e) Importer(815301076,1909f56bfc062723c751e8b465ee728b)
Start importing Assets/SimpleInteriorsHouses/Prefabs/Prop_Bar_Bench.prefab using Guid(fd5f8faa00480a444bf47f5d10076a8e) Importer(815301076,1909f56bfc062723c751e8b465ee728b)  -> (artifact id: '3373b3c077f49a1755fdb2e594830316') in 0.014972 seconds 
========================================================================
Received Import Request.
  Time since last request: 0.000024 seconds.
  path: Assets/SimpleInteriorsHouses/Prefabs/Prop_Bar_Stool.prefab
  artifactKey: Guid(0fa00c3c197accb43acda76891213afa) Importer(815301076,1909f56bfc062723c751e8b465ee728b)
Start importing Assets/SimpleInteriorsHouses/Prefabs/Prop_Bar_Stool.prefab using Guid(0fa00c3c197accb43acda76891213afa) Importer(815301076,1909f56bfc062723c751e8b465ee728b)  -> (artifact id: 'ccbfd3dffa7193ed149c13a4ed81fa7b') in 0.013461 seconds 
========================================================================
Received Import Request.
  Time since last request: 0.000029 seconds.
  path: Assets/SimpleInteriorsHouses/Prefabs/Prop_Big_Chair_03.prefab
  artifactKey: Guid(3a5e2e0b3c651aa4b89560e0139aa263) Importer(815301076,1909f56bfc062723c751e8b465ee728b)
Start importing Assets/SimpleInteriorsHouses/Prefabs/Prop_Big_Chair_03.prefab using Guid(3a5e2e0b3c651aa4b89560e0139aa263) Importer(815301076,1909f56bfc062723c751e8b465ee728b)  -> (artifact id: 'ab8e127f706f2be09f43f8fdceba0902') in 0.012830 seconds 
========================================================================
Received Import Request.
  Time since last request: 0.000039 seconds.
  path: Assets/SimpleInteriorsHouses/Prefabs/Prop_Bunny_Ear.prefab
  artifactKey: Guid(75a2706c0babc5f4c9519170805a0323) Importer(815301076,1909f56bfc062723c751e8b465ee728b)
Start importing Assets/SimpleInteriorsHouses/Prefabs/Prop_Bunny_Ear.prefab using Guid(75a2706c0babc5f4c9519170805a0323) Importer(815301076,1909f56bfc062723c751e8b465ee728b)  -> (artifact id: '3a724718e4bee90820aaafcbe31022af') in 0.011198 seconds 
========================================================================
Received Import Request.
  Time since last request: 0.000024 seconds.
  path: Assets/SimpleInteriorsHouses/Prefabs/Prop_BathroomCabinet_Brown.prefab
  artifactKey: Guid(bae6065199ad43d42a7006e115807a32) Importer(815301076,1909f56bfc062723c751e8b465ee728b)
Start importing Assets/SimpleInteriorsHouses/Prefabs/Prop_BathroomCabinet_Brown.prefab using Guid(bae6065199ad43d42a7006e115807a32) Importer(815301076,1909f56bfc062723c751e8b465ee728b)  -> (artifact id: 'edaae58774201c6e0c0453f070d892a1') in 0.012260 seconds 
========================================================================
Received Import Request.
  Time since last request: 0.000023 seconds.
  path: Assets/SimpleInteriorsHouses/Prefabs/Prop_Big_Clock.prefab
  artifactKey: Guid(01aabf04aa6a82741b8b0e2492e943ac) Importer(815301076,1909f56bfc062723c751e8b465ee728b)
Start importing Assets/SimpleInteriorsHouses/Prefabs/Prop_Big_Clock.prefab using Guid(01aabf04aa6a82741b8b0e2492e943ac) Importer(815301076,1909f56bfc062723c751e8b465ee728b)  -> (artifact id: 'f0a893a64a03c151765bac45084ea1b5') in 0.011461 seconds 
========================================================================
Received Import Request.
  Time since last request: 0.000019 seconds.
  path: Assets/SimpleInteriorsHouses/Prefabs/Prop_BathFull.prefab
  artifactKey: Guid(4498d2aa0fc7b7046a7cb5f207bec26f) Importer(815301076,1909f56bfc062723c751e8b465ee728b)
Start importing Assets/SimpleInteriorsHouses/Prefabs/Prop_BathFull.prefab using Guid(4498d2aa0fc7b7046a7cb5f207bec26f) Importer(815301076,1909f56bfc062723c751e8b465ee728b)  -> (artifact id: 'cc75b1fefc1ada75fb26b00710251148') in 0.010943 seconds 
========================================================================
Received Import Request.
  Time since last request: 0.000023 seconds.
  path: Assets/SimpleInteriorsHouses/Prefabs/Prop_BathroomCabinet_White1.prefab
  artifactKey: Guid(4567f6a4db2b6d245bae882bb257f45d) Importer(815301076,1909f56bfc062723c751e8b465ee728b)
Start importing Assets/SimpleInteriorsHouses/Prefabs/Prop_BathroomCabinet_White1.prefab using Guid(4567f6a4db2b6d245bae882bb257f45d) Importer(815301076,1909f56bfc062723c751e8b465ee728b)  -> (artifact id: '590b874bcd89452ec5b320b9ebf70f60') in 0.011923 seconds 
========================================================================
Received Import Request.
  Time since last request: 0.000025 seconds.
  path: Assets/SimpleInteriorsHouses/Prefabs/Prop_Bonzai.prefab
  artifactKey: Guid(2f6a4102ddb37564095f88bc10febb3b) Importer(815301076,1909f56bfc062723c751e8b465ee728b)
Start importing Assets/SimpleInteriorsHouses/Prefabs/Prop_Bonzai.prefab using Guid(2f6a4102ddb37564095f88bc10febb3b) Importer(815301076,1909f56bfc062723c751e8b465ee728b)  -> (artifact id: 'efa41daf4e346539effc8a3eb4041669') in 0.011455 seconds 
========================================================================
Received Import Request.
  Time since last request: 0.000029 seconds.
  path: Assets/SimpleInteriorsHouses/Prefabs/Prop_BathroomCabinet_White.prefab
  artifactKey: Guid(ddf08b15f43baeb4a966d7fc69cd0c52) Importer(815301076,1909f56bfc062723c751e8b465ee728b)
Start importing Assets/SimpleInteriorsHouses/Prefabs/Prop_BathroomCabinet_White.prefab using Guid(ddf08b15f43baeb4a966d7fc69cd0c52) Importer(815301076,1909f56bfc062723c751e8b465ee728b)  -> (artifact id: '11cd45f561ee5c752847023c5100a141') in 0.010816 seconds 
========================================================================
Received Import Request.
  Time since last request: 0.000025 seconds.
  path: Assets/SimpleInteriorsHouses/Prefabs/Prop_BathMat_Red.prefab
  artifactKey: Guid(e23b3f6698d0faf46be7802581086357) Importer(815301076,1909f56bfc062723c751e8b465ee728b)
Start importing Assets/SimpleInteriorsHouses/Prefabs/Prop_BathMat_Red.prefab using Guid(e23b3f6698d0faf46be7802581086357) Importer(815301076,1909f56bfc062723c751e8b465ee728b)  -> (artifact id: '349fb5fa84caea67cba1bb05891fd18f') in 0.010959 seconds 
========================================================================
Received Import Request.
  Time since last request: 0.000027 seconds.
  path: Assets/SimpleInteriorsHouses/Prefabs/Floor_Vinyl.prefab
  artifactKey: Guid(49f913411ec2b0a439b50217c240850e) Importer(815301076,1909f56bfc062723c751e8b465ee728b)
Start importing Assets/SimpleInteriorsHouses/Prefabs/Floor_Vinyl.prefab using Guid(49f913411ec2b0a439b50217c240850e) Importer(815301076,1909f56bfc062723c751e8b465ee728b)  -> (artifact id: '57e4a9f71cb05a8514629788a29544b8') in 0.011756 seconds 
========================================================================
Received Import Request.
  Time since last request: 0.000030 seconds.
  path: Assets/SimpleInteriorsHouses/Prefabs/Prop_Big_Chair_02.prefab
  artifactKey: Guid(8b07fe22c88a2114092f0296ecf7b3cd) Importer(815301076,1909f56bfc062723c751e8b465ee728b)
Start importing Assets/SimpleInteriorsHouses/Prefabs/Prop_Big_Chair_02.prefab using Guid(8b07fe22c88a2114092f0296ecf7b3cd) Importer(815301076,1909f56bfc062723c751e8b465ee728b)  -> (artifact id: '18e23fbb1f6bfac1b069f718484eda4d') in 0.010233 seconds 
========================================================================
Received Import Request.
  Time since last request: 0.000023 seconds.
  path: Assets/SimpleInteriorsHouses/Prefabs/Floor_Wood.prefab
  artifactKey: Guid(aa649362b365a3f4eb283c3cd3c4da91) Importer(815301076,1909f56bfc062723c751e8b465ee728b)
Start importing Assets/SimpleInteriorsHouses/Prefabs/Floor_Wood.prefab using Guid(aa649362b365a3f4eb283c3cd3c4da91) Importer(815301076,1909f56bfc062723c751e8b465ee728b)  -> (artifact id: '7491eede071de15590712fb1dbf7c807') in 0.010753 seconds 
========================================================================
Received Import Request.
  Time since last request: 0.000025 seconds.
  path: Assets/SimpleInteriorsHouses/Prefabs/Prop_Candle_02.prefab
  artifactKey: Guid(7e4d65255520b7e4383672317287ba25) Importer(815301076,1909f56bfc062723c751e8b465ee728b)
Start importing Assets/SimpleInteriorsHouses/Prefabs/Prop_Candle_02.prefab using Guid(7e4d65255520b7e4383672317287ba25) Importer(815301076,1909f56bfc062723c751e8b465ee728b)  -> (artifact id: '9576dac09674647ec3cb568d1d034aa3') in 0.010221 seconds 
========================================================================
Received Import Request.
  Time since last request: 2.354883 seconds.
  path: Assets/SimpleInteriorsHouses/Materials
  artifactKey: Guid(36c5fc2680f46b84fa5f6abee2ae542c) Importer(815301076,1909f56bfc062723c751e8b465ee728b)
Start importing Assets/SimpleInteriorsHouses/Materials using Guid(36c5fc2680f46b84fa5f6abee2ae542c) Importer(815301076,1909f56bfc062723c751e8b465ee728b)  -> (artifact id: '96ddc5fc2f85139c5ab34fdb96690e98') in 0.001840 seconds 
========================================================================
Received Import Request.
  Time since last request: 0.039369 seconds.
  path: Assets/SimpleInteriorsHouses/Materials/SimpleInteriorsHouses.mat
  artifactKey: Guid(6a8a6da5881ed144e8c833df96287856) Importer(815301076,1909f56bfc062723c751e8b465ee728b)
Start importing Assets/SimpleInteriorsHouses/Materials/SimpleInteriorsHouses.mat using Guid(6a8a6da5881ed144e8c833df96287856) Importer(815301076,1909f56bfc062723c751e8b465ee728b)  -> (artifact id: '658970c740eed96090223ae8bdcc795e') in 0.008770 seconds 
========================================================================
Received Import Request.
  Time since last request: 9.004845 seconds.
  path: Assets/SimpleInteriorsHouses/Prefabs/Prop_Chair_02.prefab
  artifactKey: Guid(5503a82a781bf4a418e9412b2ed7b202) Importer(815301076,1909f56bfc062723c751e8b465ee728b)
Start importing Assets/SimpleInteriorsHouses/Prefabs/Prop_Chair_02.prefab using Guid(5503a82a781bf4a418e9412b2ed7b202) Importer(815301076,1909f56bfc062723c751e8b465ee728b)  -> (artifact id: '5059050e1572d5a92458c9168d0d9505') in 0.012784 seconds 
========================================================================
Received Import Request.
  Time since last request: 0.000021 seconds.
  path: Assets/SimpleInteriorsHouses/Prefabs/Prop_Chair_08.prefab
  artifactKey: Guid(81fa3ecafc447594e9bf95bba0f662dd) Importer(815301076,1909f56bfc062723c751e8b465ee728b)
Start importing Assets/SimpleInteriorsHouses/Prefabs/Prop_Chair_08.prefab using Guid(81fa3ecafc447594e9bf95bba0f662dd) Importer(815301076,1909f56bfc062723c751e8b465ee728b)  -> (artifact id: '9b4937bc70fa5a66c281ed2d1ed5a0c3') in 0.018435 seconds 
========================================================================
Received Import Request.
  Time since last request: 0.000030 seconds.
  path: Assets/SimpleInteriorsHouses/Prefabs/Prop_Chair_05.prefab
  artifactKey: Guid(8a503ea6e991b6f459ea19a4ec0d1e0e) Importer(815301076,1909f56bfc062723c751e8b465ee728b)
Start importing Assets/SimpleInteriorsHouses/Prefabs/Prop_Chair_05.prefab using Guid(8a503ea6e991b6f459ea19a4ec0d1e0e) Importer(815301076,1909f56bfc062723c751e8b465ee728b)  -> (artifact id: 'd6ec4710a30caeadf4d9f90c86bd4233') in 0.016511 seconds 
========================================================================
Received Import Request.
  Time since last request: 0.000024 seconds.
  path: Assets/SimpleInteriorsHouses/Prefabs/Prop_Chair_09.prefab
  artifactKey: Guid(27b6fd6879866b541b50533a039e8c15) Importer(815301076,1909f56bfc062723c751e8b465ee728b)
Start importing Assets/SimpleInteriorsHouses/Prefabs/Prop_Chair_09.prefab using Guid(27b6fd6879866b541b50533a039e8c15) Importer(815301076,1909f56bfc062723c751e8b465ee728b)  -> (artifact id: '3dcfd840a793bd112e31cf9c6440b835') in 0.017300 seconds 
========================================================================
Received Import Request.
  Time since last request: 2.074428 seconds.
  path: Assets/SimpleInteriorsHouses/Prefabs/Prop_Chest_01.prefab
  artifactKey: Guid(39fd47ca14c46c640bd845c416266814) Importer(815301076,1909f56bfc062723c751e8b465ee728b)
Start importing Assets/SimpleInteriorsHouses/Prefabs/Prop_Chest_01.prefab using Guid(39fd47ca14c46c640bd845c416266814) Importer(815301076,1909f56bfc062723c751e8b465ee728b)  -> (artifact id: 'e6d9b97f9bbbdafd10b38c1cc2e034d5') in 0.019273 seconds 
========================================================================
Received Import Request.
  Time since last request: 0.000021 seconds.
  path: Assets/SimpleInteriorsHouses/Prefabs/Prop_Couch_03.prefab
  artifactKey: Guid(f01a1291e9a910c48803191e3a4b7280) Importer(815301076,1909f56bfc062723c751e8b465ee728b)
Start importing Assets/SimpleInteriorsHouses/Prefabs/Prop_Couch_03.prefab using Guid(f01a1291e9a910c48803191e3a4b7280) Importer(815301076,1909f56bfc062723c751e8b465ee728b)  -> (artifact id: '632d02232c4065d4f75753b9aa069eb9') in 0.014053 seconds 
========================================================================
Received Import Request.
  Time since last request: 0.000021 seconds.
  path: Assets/SimpleInteriorsHouses/Prefabs/Prop_Couch_02.prefab
  artifactKey: Guid(0dcc13b89c8c3394796cbfb0ad15b796) Importer(815301076,1909f56bfc062723c751e8b465ee728b)
Start importing Assets/SimpleInteriorsHouses/Prefabs/Prop_Couch_02.prefab using Guid(0dcc13b89c8c3394796cbfb0ad15b796) Importer(815301076,1909f56bfc062723c751e8b465ee728b)  -> (artifact id: '8f3bb43d644ff53118b54931016132cc') in 0.016318 seconds 
========================================================================
Received Import Request.
  Time since last request: 1.114004 seconds.
  path: Assets/SimpleInteriorsHouses/Prefabs/Prop_Couch_04.prefab
  artifactKey: Guid(d815fa1c62f9432459da55d90db48cae) Importer(815301076,1909f56bfc062723c751e8b465ee728b)
Start importing Assets/SimpleInteriorsHouses/Prefabs/Prop_Couch_04.prefab using Guid(d815fa1c62f9432459da55d90db48cae) Importer(815301076,1909f56bfc062723c751e8b465ee728b)  -> (artifact id: '698f06bcb11bfaceefd334235b7a4f5b') in 0.013530 seconds 
========================================================================
Received Import Request.
  Time since last request: 0.000021 seconds.
  path: Assets/SimpleInteriorsHouses/Prefabs/Prop_Couch_08.prefab
  artifactKey: Guid(bc1ed959f28b8e742b2b1638250c4bec) Importer(815301076,1909f56bfc062723c751e8b465ee728b)
Start importing Assets/SimpleInteriorsHouses/Prefabs/Prop_Couch_08.prefab using Guid(bc1ed959f28b8e742b2b1638250c4bec) Importer(815301076,1909f56bfc062723c751e8b465ee728b)  -> (artifact id: '70d09e0f52bbe6829bdf48308a33c8ab') in 0.016132 seconds 
========================================================================
Received Import Request.
  Time since last request: 0.000021 seconds.
  path: Assets/SimpleInteriorsHouses/Prefabs/Prop_Cupboard_01.prefab
  artifactKey: Guid(f499aea40d7b7ca4bb0d7837abad25ae) Importer(815301076,1909f56bfc062723c751e8b465ee728b)
Start importing Assets/SimpleInteriorsHouses/Prefabs/Prop_Cupboard_01.prefab using Guid(f499aea40d7b7ca4bb0d7837abad25ae) Importer(815301076,1909f56bfc062723c751e8b465ee728b)  -> (artifact id: 'e122d8e3baba159978339086d08af687') in 0.013052 seconds 
========================================================================
Received Import Request.
  Time since last request: 0.401181 seconds.
  path: Assets/SimpleInteriorsHouses/Prefabs/Prop_Cupboard_03.prefab
  artifactKey: Guid(8aeb2c530b2dae14f96b80d9996b8653) Importer(815301076,1909f56bfc062723c751e8b465ee728b)
Start importing Assets/SimpleInteriorsHouses/Prefabs/Prop_Cupboard_03.prefab using Guid(8aeb2c530b2dae14f96b80d9996b8653) Importer(815301076,1909f56bfc062723c751e8b465ee728b)  -> (artifact id: 'cd13cf22656e41d27693537486c65c6f') in 0.013002 seconds 
========================================================================
Received Import Request.
  Time since last request: 0.000024 seconds.
  path: Assets/SimpleInteriorsHouses/Prefabs/Prop_Cupboards_Black.prefab
  artifactKey: Guid(dcb39fe052052394f892a7353523abe3) Importer(815301076,1909f56bfc062723c751e8b465ee728b)
Start importing Assets/SimpleInteriorsHouses/Prefabs/Prop_Cupboards_Black.prefab using Guid(dcb39fe052052394f892a7353523abe3) Importer(815301076,1909f56bfc062723c751e8b465ee728b)  -> (artifact id: '7423099466a1d2abbaa3e344d0f2a71b') in 0.021308 seconds 
========================================================================
Received Import Request.
  Time since last request: 1.307638 seconds.
  path: Assets/SimpleInteriorsHouses/Prefabs/Prop_Curtains_Red.prefab
  artifactKey: Guid(030ea85ebba248b4ba523bb140746be4) Importer(815301076,1909f56bfc062723c751e8b465ee728b)
Start importing Assets/SimpleInteriorsHouses/Prefabs/Prop_Curtains_Red.prefab using Guid(030ea85ebba248b4ba523bb140746be4) Importer(815301076,1909f56bfc062723c751e8b465ee728b)  -> (artifact id: '8df50d0bed1062f9eb53e0ed4469c24d') in 0.011992 seconds 
========================================================================
Received Import Request.
  Time since last request: 0.000026 seconds.
  path: Assets/SimpleInteriorsHouses/Prefabs/Prop_Desk_Lamp.prefab
  artifactKey: Guid(7091f478af3679a468417f003fb961e0) Importer(815301076,1909f56bfc062723c751e8b465ee728b)
Start importing Assets/SimpleInteriorsHouses/Prefabs/Prop_Desk_Lamp.prefab using Guid(7091f478af3679a468417f003fb961e0) Importer(815301076,1909f56bfc062723c751e8b465ee728b)  -> (artifact id: '7e9dd47de03f369fac356f956441de8b') in 0.015662 seconds 
========================================================================
Received Import Request.
  Time since last request: 0.000021 seconds.
  path: Assets/SimpleInteriorsHouses/Prefabs/Prop_Desk_02.prefab
  artifactKey: Guid(2738554aab750354391cd2d6766dff98) Importer(815301076,1909f56bfc062723c751e8b465ee728b)
Start importing Assets/SimpleInteriorsHouses/Prefabs/Prop_Desk_02.prefab using Guid(2738554aab750354391cd2d6766dff98) Importer(815301076,1909f56bfc062723c751e8b465ee728b)  -> (artifact id: '17beae10561258ef8ec7c587c085c99d') in 0.015627 seconds 
========================================================================
Received Import Request.
  Time since last request: 0.000026 seconds.
  path: Assets/SimpleInteriorsHouses/Prefabs/Prop_Draw_05.prefab
  artifactKey: Guid(a88b4dd115f787a45870b4e7db2fa32e) Importer(815301076,1909f56bfc062723c751e8b465ee728b)
Start importing Assets/SimpleInteriorsHouses/Prefabs/Prop_Draw_05.prefab using Guid(a88b4dd115f787a45870b4e7db2fa32e) Importer(815301076,1909f56bfc062723c751e8b465ee728b)  -> (artifact id: 'bfa406eca843c17ddaccacc7f5b7dd00') in 0.017645 seconds 
========================================================================
Received Import Request.
  Time since last request: 0.000035 seconds.
  path: Assets/SimpleInteriorsHouses/Prefabs/Prop_Draw_02.prefab
  artifactKey: Guid(30122c67100bb8b499a2058d6185fb0b) Importer(815301076,1909f56bfc062723c751e8b465ee728b)
Start importing Assets/SimpleInteriorsHouses/Prefabs/Prop_Draw_02.prefab using Guid(30122c67100bb8b499a2058d6185fb0b) Importer(815301076,1909f56bfc062723c751e8b465ee728b)  -> (artifact id: 'cd4cb85e23cb9fcc7e32b829e1e00be1') in 0.018863 seconds 
========================================================================
Received Import Request.
  Time since last request: 0.000023 seconds.
  path: Assets/SimpleInteriorsHouses/Prefabs/Prop_Dresser_01.prefab
  artifactKey: Guid(995b24b78d1469d4e9713f0ae17950c2) Importer(815301076,1909f56bfc062723c751e8b465ee728b)
Start importing Assets/SimpleInteriorsHouses/Prefabs/Prop_Dresser_01.prefab using Guid(995b24b78d1469d4e9713f0ae17950c2) Importer(815301076,1909f56bfc062723c751e8b465ee728b)  -> (artifact id: '4e8e3642d1e157f3a7ad4be0f943c367') in 0.014460 seconds 
========================================================================
Received Import Request.
  Time since last request: 0.753481 seconds.
  path: Assets/SimpleInteriorsHouses/Prefabs/Prop_Dresser_02.prefab
  artifactKey: Guid(31365afa0cc7c6b46bfeee547f358b4c) Importer(815301076,1909f56bfc062723c751e8b465ee728b)
Start importing Assets/SimpleInteriorsHouses/Prefabs/Prop_Dresser_02.prefab using Guid(31365afa0cc7c6b46bfeee547f358b4c) Importer(815301076,1909f56bfc062723c751e8b465ee728b)  -> (artifact id: '989b15710c49c3fafebfbbdcce22c981') in 0.013201 seconds 
========================================================================
Received Import Request.
  Time since last request: 0.000019 seconds.
  path: Assets/SimpleInteriorsHouses/Prefabs/Prop_Flower_Pot_01.prefab
  artifactKey: Guid(83b20edf869f6da4ebd426f093cef519) Importer(815301076,1909f56bfc062723c751e8b465ee728b)
Start importing Assets/SimpleInteriorsHouses/Prefabs/Prop_Flower_Pot_01.prefab using Guid(83b20edf869f6da4ebd426f093cef519) Importer(815301076,1909f56bfc062723c751e8b465ee728b)  -> (artifact id: 'aa8e9a8e61bb83c5ce074f2c55875b82') in 0.012261 seconds 
========================================================================
Received Import Request.
  Time since last request: 0.000022 seconds.
  path: Assets/SimpleInteriorsHouses/Prefabs/Prop_Food_Bowl_03.prefab
  artifactKey: Guid(5cfdc1d2a7a4b304883c85de195997e6) Importer(815301076,1909f56bfc062723c751e8b465ee728b)
Start importing Assets/SimpleInteriorsHouses/Prefabs/Prop_Food_Bowl_03.prefab using Guid(5cfdc1d2a7a4b304883c85de195997e6) Importer(815301076,1909f56bfc062723c751e8b465ee728b)  -> (artifact id: 'd73bd519620064c029abc118818a02f5') in 0.013057 seconds 
========================================================================
Received Prepare
Registering precompiled user dll's ...
Registered in 0.019963 seconds.
Begin MonoManager ReloadAssembly
Symbol file LoadedFromMemory doesn't match image C:\Users\PC\Documents\GitHub\Game-Sucks\GameSucks\Library\PackageCache\com.unity.visualscripting@1.7.8\Editor\VisualScripting.Core\Dependencies\YamlDotNet\Unity.VisualScripting.YamlDotNet.dll
Symbol file LoadedFromMemory doesn't match image C:\Users\PC\Documents\GitHub\Game-Sucks\GameSucks\Library\PackageCache\com.unity.visualscripting@1.7.8\Editor\VisualScripting.Core\Dependencies\DotNetZip\Unity.VisualScripting.IonicZip.dll
Native extension for WindowsStandalone target not found
Native extension for iOS target not found
Native extension for Android target not found
Refreshing native plugins compatible for Editor in 1.08 ms, found 3 plugins.
Preloading 0 native plugins for Editor in 0.00 ms.
Mono: successfully reloaded assembly
- Completed reload, in  1.169 seconds
Domain Reload Profiling:
	ReloadAssembly (1169ms)
		BeginReloadAssembly (143ms)
			ExecutionOrderSort (0ms)
			DisableScriptedObjects (6ms)
			BackupInstance (0ms)
			ReleaseScriptingObjects (0ms)
			CreateAndSetChildDomain (40ms)
		EndReloadAssembly (922ms)
			LoadAssemblies (109ms)
			RebuildTransferFunctionScriptingTraits (0ms)
			SetupTypeCache (249ms)
			ReleaseScriptCaches (2ms)
			RebuildScriptCaches (38ms)
			SetupLoadedEditorAssemblies (434ms)
				LogAssemblyErrors (0ms)
				InitializePlatformSupportModulesInManaged (34ms)
				SetLoadedEditorAssemblies (0ms)
				RefreshPlugins (1ms)
				BeforeProcessingInitializeOnLoad (98ms)
				ProcessInitializeOnLoadAttributes (204ms)
				ProcessInitializeOnLoadMethodAttributes (77ms)
				AfterProcessingInitializeOnLoad (19ms)
				EditorAssembliesLoaded (0ms)
			ExecutionOrderSort2 (0ms)
			AwakeInstancesAfterBackupRestoration (28ms)
Platform modules already initialized, skipping
Refreshing native plugins compatible for Editor in 3.21 ms, found 3 plugins.
Preloading 0 native plugins for Editor in 0.00 ms.
Unloading 4926 Unused Serialized files (Serialized files now loaded: 0)
Unloading 34 unused Assets / (0.7 MB). Loaded Objects now: 5602.
Memory consumption went from 195.8 MB to 195.2 MB.
Total: 3.097000 ms (FindLiveObjects: 0.318500 ms CreateObjectMapping: 0.132000 ms MarkObjects: 2.381500 ms  DeleteObjects: 0.264200 ms)

AssetImportParameters requested are different than current active one (requested -> active):
  custom:video-decoder-ogg-theora: a1e56fd34408186e4bbccfd4996cb3dc -> 
  custom:container-muxer-webm: aa71ff27fc2769a1b78a27578f13a17b -> 
  custom:container-demuxer-webm: 4f35f7cbe854078d1ac9338744f61a02 -> 
  custom:video-encoder-webm-vp8: eb34c28f22e8b96e1ab97ce403110664 -> 
  custom:audio-encoder-webm-vorbis: bf7c407c2cedff20999df2af8eb42d56 -> 
  custom:framework-win-MediaFoundation: 216162199b28c13a410421893ffa2e32 -> 
  custom:container-demuxer-ogg: 62fdf1f143b41e24485cea50d1cbac27 -> 
  custom:video-decoder-webm-vp8: 9c59270c3fd7afecdb556c50c9e8de78 -> 
  custom:audio-decoder-ogg-vorbis: bf7c407c2cedff20999df2af8eb42d56 -> 
========================================================================
Received Prepare
Registering precompiled user dll's ...
Registered in 0.014678 seconds.
Begin MonoManager ReloadAssembly
Symbol file LoadedFromMemory doesn't match image C:\Users\PC\Documents\GitHub\Game-Sucks\GameSucks\Library\PackageCache\com.unity.visualscripting@1.7.8\Editor\VisualScripting.Core\Dependencies\YamlDotNet\Unity.VisualScripting.YamlDotNet.dll
Symbol file LoadedFromMemory doesn't match image C:\Users\PC\Documents\GitHub\Game-Sucks\GameSucks\Library\PackageCache\com.unity.visualscripting@1.7.8\Editor\VisualScripting.Core\Dependencies\DotNetZip\Unity.VisualScripting.IonicZip.dll
Native extension for WindowsStandalone target not found
Native extension for iOS target not found
Native extension for Android target not found
Refreshing native plugins compatible for Editor in 0.76 ms, found 3 plugins.
Preloading 0 native plugins for Editor in 0.00 ms.
Mono: successfully reloaded assembly
- Completed reload, in  1.001 seconds
Domain Reload Profiling:
	ReloadAssembly (1002ms)
		BeginReloadAssembly (139ms)
			ExecutionOrderSort (0ms)
			DisableScriptedObjects (5ms)
			BackupInstance (0ms)
			ReleaseScriptingObjects (0ms)
			CreateAndSetChildDomain (41ms)
		EndReloadAssembly (763ms)
			LoadAssemblies (98ms)
			RebuildTransferFunctionScriptingTraits (0ms)
			SetupTypeCache (211ms)
			ReleaseScriptCaches (2ms)
			RebuildScriptCaches (36ms)
			SetupLoadedEditorAssemblies (351ms)
				LogAssemblyErrors (0ms)
				InitializePlatformSupportModulesInManaged (28ms)
				SetLoadedEditorAssemblies (0ms)
				RefreshPlugins (1ms)
				BeforeProcessingInitializeOnLoad (72ms)
				ProcessInitializeOnLoadAttributes (168ms)
				ProcessInitializeOnLoadMethodAttributes (69ms)
				AfterProcessingInitializeOnLoad (13ms)
				EditorAssembliesLoaded (0ms)
			ExecutionOrderSort2 (0ms)
			AwakeInstancesAfterBackupRestoration (18ms)
Platform modules already initialized, skipping
Refreshing native plugins compatible for Editor in 3.29 ms, found 3 plugins.
Preloading 0 native plugins for Editor in 0.00 ms.
Unloading 4926 Unused Serialized files (Serialized files now loaded: 0)
Unloading 33 unused Assets / (0.7 MB). Loaded Objects now: 5605.
Memory consumption went from 195.9 MB to 195.2 MB.
Total: 3.026300 ms (FindLiveObjects: 0.308300 ms CreateObjectMapping: 0.119400 ms MarkObjects: 2.338600 ms  DeleteObjects: 0.259000 ms)

AssetImportParameters requested are different than current active one (requested -> active):
  custom:video-decoder-ogg-theora: a1e56fd34408186e4bbccfd4996cb3dc -> 
  custom:container-muxer-webm: aa71ff27fc2769a1b78a27578f13a17b -> 
  custom:container-demuxer-webm: 4f35f7cbe854078d1ac9338744f61a02 -> 
  custom:video-encoder-webm-vp8: eb34c28f22e8b96e1ab97ce403110664 -> 
  custom:audio-encoder-webm-vorbis: bf7c407c2cedff20999df2af8eb42d56 -> 
  custom:framework-win-MediaFoundation: 216162199b28c13a410421893ffa2e32 -> 
  custom:container-demuxer-ogg: 62fdf1f143b41e24485cea50d1cbac27 -> 
  custom:video-decoder-webm-vp8: 9c59270c3fd7afecdb556c50c9e8de78 -> 
  custom:audio-decoder-ogg-vorbis: bf7c407c2cedff20999df2af8eb42d56 -> 
