Using pre-set license
Built from '2021.3/staging' branch; Version is '2021.3.6f1 (7da38d85baf6) revision 8233869'; Using compiler version '192829333'; Build Type 'Release'
OS: 'Windows 10  (10.0.19044) 64bit Professional' Language: 'tr' Physical Memory: 16277 MB
BatchMode: 1, IsHumanControllingUs: 0, StartBugReporterOnCrash: 0, Is64bit: 1, IsPro: 1

COMMAND LINE ARGUMENTS:
C:\Program Files\Unity\Hub\Editor\2021.3.6f1\Editor\Unity.exe
-adb2
-batchMode
-noUpm
-name
AssetImportWorker3
-projectPath
C:/Users/PC/Documents/GitHub/Game-Sucks/GameSucks
-logFile
Logs/AssetImportWorker3.log
-srvPort
51078
Successfully changed project path to: C:/Users/PC/Documents/GitHub/Game-Sucks/GameSucks
C:/Users/PC/Documents/GitHub/Game-Sucks/GameSucks
[UnityMemory] Configuration Parameters - Can be set up in boot.config
    "memorysetup-bucket-allocator-granularity=16"
    "memorysetup-bucket-allocator-bucket-count=8"
    "memorysetup-bucket-allocator-block-size=33554432"
    "memorysetup-bucket-allocator-block-count=8"
    "memorysetup-main-allocator-block-size=16777216"
    "memorysetup-thread-allocator-block-size=16777216"
    "memorysetup-gfx-main-allocator-block-size=16777216"
    "memorysetup-gfx-thread-allocator-block-size=16777216"
    "memorysetup-cache-allocator-block-size=4194304"
    "memorysetup-typetree-allocator-block-size=2097152"
    "memorysetup-profiler-bucket-allocator-granularity=16"
    "memorysetup-profiler-bucket-allocator-bucket-count=8"
    "memorysetup-profiler-bucket-allocator-block-size=33554432"
    "memorysetup-profiler-bucket-allocator-block-count=8"
    "memorysetup-profiler-allocator-block-size=16777216"
    "memorysetup-profiler-editor-allocator-block-size=1048576"
    "memorysetup-temp-allocator-size-main=16777216"
    "memorysetup-job-temp-allocator-block-size=2097152"
    "memorysetup-job-temp-allocator-block-size-background=1048576"
    "memorysetup-job-temp-allocator-reduction-small-platforms=262144"
    "memorysetup-temp-allocator-size-background-worker=32768"
    "memorysetup-temp-allocator-size-job-worker=262144"
    "memorysetup-temp-allocator-size-preload-manager=33554432"
    "memorysetup-temp-allocator-size-nav-mesh-worker=65536"
    "memorysetup-temp-allocator-size-audio-worker=65536"
    "memorysetup-temp-allocator-size-cloud-worker=32768"
    "memorysetup-temp-allocator-size-gi-baking-worker=262144"
    "memorysetup-temp-allocator-size-gfx=262144"
Refreshing native plugins compatible for Editor in 102.17 ms, found 3 plugins.
Preloading 0 native plugins for Editor in 0.00 ms.
Initialize engine version: 2021.3.6f1 (7da38d85baf6)
[Subsystems] Discovering subsystems at path C:/Program Files/Unity/Hub/Editor/2021.3.6f1/Editor/Data/Resources/UnitySubsystems
[Subsystems] Discovering subsystems at path C:/Users/PC/Documents/GitHub/Game-Sucks/GameSucks/Assets
GfxDevice: creating device client; threaded=0; jobified=0
Direct3D:
    Version:  Direct3D 11.0 [level 11.1]
    Renderer: NVIDIA GeForce RTX 3060 (ID=0x2504)
    Vendor:   NVIDIA
    VRAM:     12142 MB
    Driver:   30.0.15.1295
Initialize mono
Mono path[0] = 'C:/Program Files/Unity/Hub/Editor/2021.3.6f1/Editor/Data/Managed'
Mono path[1] = 'C:/Program Files/Unity/Hub/Editor/2021.3.6f1/Editor/Data/MonoBleedingEdge/lib/mono/unityjit-win32'
Mono config path = 'C:/Program Files/Unity/Hub/Editor/2021.3.6f1/Editor/Data/MonoBleedingEdge/etc'
Using monoOptions --debugger-agent=transport=dt_socket,embedding=1,server=y,suspend=n,address=127.0.0.1:56644
Begin MonoManager ReloadAssembly
Registering precompiled unity dll's ...
Register platform support module: C:/Program Files/Unity/Hub/Editor/2021.3.6f1/Editor/Data/PlaybackEngines/AndroidPlayer/UnityEditor.Android.Extensions.dll
Register platform support module: C:/Program Files/Unity/Hub/Editor/2021.3.6f1/Editor/Data/PlaybackEngines/iOSSupport/UnityEditor.iOS.Extensions.dll
Register platform support module: C:/Program Files/Unity/Hub/Editor/2021.3.6f1/Editor/Data/PlaybackEngines/WindowsStandaloneSupport/UnityEditor.WindowsStandalone.Extensions.dll
Registered in 0.009093 seconds.
Native extension for WindowsStandalone target not found
[usbmuxd] Start listen thread
[usbmuxd] Listen thread started
Native extension for iOS target not found
Native extension for Android target not found
Refreshing native plugins compatible for Editor in 81.65 ms, found 3 plugins.
Preloading 0 native plugins for Editor in 0.00 ms.
Mono: successfully reloaded assembly
- Completed reload, in  0.559 seconds
Domain Reload Profiling:
	ReloadAssembly (560ms)
		BeginReloadAssembly (71ms)
			ExecutionOrderSort (0ms)
			DisableScriptedObjects (0ms)
			BackupInstance (0ms)
			ReleaseScriptingObjects (0ms)
			CreateAndSetChildDomain (1ms)
		EndReloadAssembly (390ms)
			LoadAssemblies (67ms)
			RebuildTransferFunctionScriptingTraits (0ms)
			SetupTypeCache (79ms)
			ReleaseScriptCaches (0ms)
			RebuildScriptCaches (19ms)
			SetupLoadedEditorAssemblies (245ms)
				LogAssemblyErrors (0ms)
				InitializePlatformSupportModulesInManaged (54ms)
				SetLoadedEditorAssemblies (0ms)
				RefreshPlugins (82ms)
				BeforeProcessingInitializeOnLoad (1ms)
				ProcessInitializeOnLoadAttributes (71ms)
				ProcessInitializeOnLoadMethodAttributes (37ms)
				AfterProcessingInitializeOnLoad (0ms)
				EditorAssembliesLoaded (0ms)
			ExecutionOrderSort2 (0ms)
			AwakeInstancesAfterBackupRestoration (0ms)
Platform modules already initialized, skipping
Registering precompiled user dll's ...
Registered in 0.012804 seconds.
Begin MonoManager ReloadAssembly
Symbol file LoadedFromMemory doesn't match image C:\Users\PC\Documents\GitHub\Game-Sucks\GameSucks\Library\PackageCache\com.unity.visualscripting@1.7.8\Editor\VisualScripting.Core\Dependencies\YamlDotNet\Unity.VisualScripting.YamlDotNet.dll
Symbol file LoadedFromMemory doesn't match image C:\Users\PC\Documents\GitHub\Game-Sucks\GameSucks\Library\PackageCache\com.unity.visualscripting@1.7.8\Editor\VisualScripting.Core\Dependencies\DotNetZip\Unity.VisualScripting.IonicZip.dll
Native extension for WindowsStandalone target not found
Native extension for iOS target not found
Native extension for Android target not found
Refreshing native plugins compatible for Editor in 93.46 ms, found 3 plugins.
Preloading 0 native plugins for Editor in 0.00 ms.
Mono: successfully reloaded assembly
- Completed reload, in  1.149 seconds
Domain Reload Profiling:
	ReloadAssembly (1150ms)
		BeginReloadAssembly (205ms)
			ExecutionOrderSort (0ms)
			DisableScriptedObjects (5ms)
			BackupInstance (0ms)
			ReleaseScriptingObjects (0ms)
			CreateAndSetChildDomain (120ms)
		EndReloadAssembly (837ms)
			LoadAssemblies (91ms)
			RebuildTransferFunctionScriptingTraits (0ms)
			SetupTypeCache (198ms)
			ReleaseScriptCaches (1ms)
			RebuildScriptCaches (45ms)
			SetupLoadedEditorAssemblies (470ms)
				LogAssemblyErrors (0ms)
				InitializePlatformSupportModulesInManaged (19ms)
				SetLoadedEditorAssemblies (0ms)
				RefreshPlugins (94ms)
				BeforeProcessingInitializeOnLoad (94ms)
				ProcessInitializeOnLoadAttributes (182ms)
				ProcessInitializeOnLoadMethodAttributes (68ms)
				AfterProcessingInitializeOnLoad (12ms)
				EditorAssembliesLoaded (0ms)
			ExecutionOrderSort2 (0ms)
			AwakeInstancesAfterBackupRestoration (7ms)
Platform modules already initialized, skipping
========================================================================
Worker process is ready to serve import requests
Launched and connected shader compiler UnityShaderCompiler.exe after 0.04 seconds
Refreshing native plugins compatible for Editor in 0.85 ms, found 3 plugins.
Preloading 0 native plugins for Editor in 0.00 ms.
Unloading 5020 Unused Serialized files (Serialized files now loaded: 0)
Unloading 34 unused Assets / (0.7 MB). Loaded Objects now: 5476.
Memory consumption went from 195.1 MB to 194.4 MB.
Total: 3.520900 ms (FindLiveObjects: 0.372100 ms CreateObjectMapping: 0.170100 ms MarkObjects: 2.732200 ms  DeleteObjects: 0.245600 ms)

AssetImportParameters requested are different than current active one (requested -> active):
  custom:video-decoder-ogg-theora: a1e56fd34408186e4bbccfd4996cb3dc -> 
  custom:container-muxer-webm: aa71ff27fc2769a1b78a27578f13a17b -> 
  custom:container-demuxer-webm: 4f35f7cbe854078d1ac9338744f61a02 -> 
  custom:video-encoder-webm-vp8: eb34c28f22e8b96e1ab97ce403110664 -> 
  custom:audio-encoder-webm-vorbis: bf7c407c2cedff20999df2af8eb42d56 -> 
  custom:framework-win-MediaFoundation: 216162199b28c13a410421893ffa2e32 -> 
  custom:container-demuxer-ogg: 62fdf1f143b41e24485cea50d1cbac27 -> 
  custom:video-decoder-webm-vp8: 9c59270c3fd7afecdb556c50c9e8de78 -> 
  custom:audio-decoder-ogg-vorbis: bf7c407c2cedff20999df2af8eb42d56 -> 
========================================================================
Received Import Request.
  Time since last request: 1588391.252570 seconds.
  path: Assets/SimpleInteriorsHouses/Prefabs/Prop_Chair_04.prefab
  artifactKey: Guid(27bfb35903d157d44a997df93834bac6) Importer(815301076,1909f56bfc062723c751e8b465ee728b)
Start importing Assets/SimpleInteriorsHouses/Prefabs/Prop_Chair_04.prefab using Guid(27bfb35903d157d44a997df93834bac6) Importer(815301076,1909f56bfc062723c751e8b465ee728b)  -> (artifact id: '3169e3d13981085a4e010c401cee02a2') in 0.220975 seconds 
========================================================================
Received Import Request.
  Time since last request: 1.939024 seconds.
  path: Assets/SimpleInteriorsHouses/Prefabs/Prop_Computer_Keyboard.prefab
  artifactKey: Guid(492abdf5e08d1d246a65355cfeae5961) Importer(815301076,1909f56bfc062723c751e8b465ee728b)
Start importing Assets/SimpleInteriorsHouses/Prefabs/Prop_Computer_Keyboard.prefab using Guid(492abdf5e08d1d246a65355cfeae5961) Importer(815301076,1909f56bfc062723c751e8b465ee728b)  -> (artifact id: '83da3c3c695849408fac13abd8e88ba3') in 0.019719 seconds 
========================================================================
Received Import Request.
  Time since last request: 0.000021 seconds.
  path: Assets/SimpleInteriorsHouses/Prefabs/Prop_Couch_01.prefab
  artifactKey: Guid(bfdb6623e4d583a4db78a56058d28f58) Importer(815301076,1909f56bfc062723c751e8b465ee728b)
Start importing Assets/SimpleInteriorsHouses/Prefabs/Prop_Couch_01.prefab using Guid(bfdb6623e4d583a4db78a56058d28f58) Importer(815301076,1909f56bfc062723c751e8b465ee728b)  -> (artifact id: 'a8e22de9827d04752c70f0a2844873a2') in 0.015572 seconds 
========================================================================
Received Import Request.
  Time since last request: 1.135248 seconds.
  path: Assets/SimpleInteriorsHouses/Prefabs/Prop_Couch_06.prefab
  artifactKey: Guid(c917baee29583b143ae18fc12c06c700) Importer(815301076,1909f56bfc062723c751e8b465ee728b)
Start importing Assets/SimpleInteriorsHouses/Prefabs/Prop_Couch_06.prefab using Guid(c917baee29583b143ae18fc12c06c700) Importer(815301076,1909f56bfc062723c751e8b465ee728b)  -> (artifact id: 'f244e259e3d86b08600703cee8738de0') in 0.015493 seconds 
========================================================================
Received Import Request.
  Time since last request: 0.000017 seconds.
  path: Assets/SimpleInteriorsHouses/Prefabs/Prop_Couch_07.prefab
  artifactKey: Guid(a18733c71fe57214d9d0e4b8c2613b81) Importer(815301076,1909f56bfc062723c751e8b465ee728b)
Start importing Assets/SimpleInteriorsHouses/Prefabs/Prop_Couch_07.prefab using Guid(a18733c71fe57214d9d0e4b8c2613b81) Importer(815301076,1909f56bfc062723c751e8b465ee728b)  -> (artifact id: '4cb02aa8707f131144d28dc288792ae4') in 0.016919 seconds 
========================================================================
Received Import Request.
  Time since last request: 0.000018 seconds.
  path: Assets/SimpleInteriorsHouses/Prefabs/Prop_Cupboard_02.prefab
  artifactKey: Guid(447a2b6b392838242973932d1786ef70) Importer(815301076,1909f56bfc062723c751e8b465ee728b)
Start importing Assets/SimpleInteriorsHouses/Prefabs/Prop_Cupboard_02.prefab using Guid(447a2b6b392838242973932d1786ef70) Importer(815301076,1909f56bfc062723c751e8b465ee728b)  -> (artifact id: '1466d5ea7c6ed25f5b0f74507e7c0ddb') in 0.022845 seconds 
========================================================================
Received Import Request.
  Time since last request: 0.390094 seconds.
  path: Assets/SimpleInteriorsHouses/Prefabs/Prop_Cupboard_07.prefab
  artifactKey: Guid(cb37e6a58bc59a145942d5604069bca3) Importer(815301076,1909f56bfc062723c751e8b465ee728b)
Start importing Assets/SimpleInteriorsHouses/Prefabs/Prop_Cupboard_07.prefab using Guid(cb37e6a58bc59a145942d5604069bca3) Importer(815301076,1909f56bfc062723c751e8b465ee728b)  -> (artifact id: '3afe2a6e67b672dbb09ba4ae4d8efdf3') in 0.014319 seconds 
========================================================================
Received Import Request.
  Time since last request: 0.000020 seconds.
  path: Assets/SimpleInteriorsHouses/Prefabs/Prop_Cupboard_Blue.prefab
  artifactKey: Guid(0b6371cc0d45e9e48a45c2b690aae119) Importer(815301076,1909f56bfc062723c751e8b465ee728b)
Start importing Assets/SimpleInteriorsHouses/Prefabs/Prop_Cupboard_Blue.prefab using Guid(0b6371cc0d45e9e48a45c2b690aae119) Importer(815301076,1909f56bfc062723c751e8b465ee728b)  -> (artifact id: '472240f691be6510a2c65d8661444eb0') in 0.013500 seconds 
========================================================================
Received Import Request.
  Time since last request: 0.000028 seconds.
  path: Assets/SimpleInteriorsHouses/Prefabs/Prop_Cupboards.prefab
  artifactKey: Guid(ab67ed7e141f20343bead113dbfca834) Importer(815301076,1909f56bfc062723c751e8b465ee728b)
Start importing Assets/SimpleInteriorsHouses/Prefabs/Prop_Cupboards.prefab using Guid(ab67ed7e141f20343bead113dbfca834) Importer(815301076,1909f56bfc062723c751e8b465ee728b)  -> (artifact id: '252cbf7444dcfccf6795d6769ad265fe') in 0.014456 seconds 
========================================================================
Received Import Request.
  Time since last request: 1.293391 seconds.
  path: Assets/SimpleInteriorsHouses/Prefabs/Prop_Cushion_02.prefab
  artifactKey: Guid(0ecec28d7cc89bc4a9ba47fd5e7a4e02) Importer(815301076,1909f56bfc062723c751e8b465ee728b)
Start importing Assets/SimpleInteriorsHouses/Prefabs/Prop_Cushion_02.prefab using Guid(0ecec28d7cc89bc4a9ba47fd5e7a4e02) Importer(815301076,1909f56bfc062723c751e8b465ee728b)  -> (artifact id: 'f96eaeebc8e9927d5c0cc27fa2c0f882') in 0.013226 seconds 
========================================================================
Received Import Request.
  Time since last request: 0.000019 seconds.
  path: Assets/SimpleInteriorsHouses/Prefabs/Prop_DoubleBed_Grey.prefab
  artifactKey: Guid(d88965db5a659e4478caa5547555f289) Importer(815301076,1909f56bfc062723c751e8b465ee728b)
Start importing Assets/SimpleInteriorsHouses/Prefabs/Prop_DoubleBed_Grey.prefab using Guid(d88965db5a659e4478caa5547555f289) Importer(815301076,1909f56bfc062723c751e8b465ee728b)  -> (artifact id: '71175a2f4af6400bc7e660fbad763bd4') in 0.032694 seconds 
========================================================================
Received Import Request.
  Time since last request: 0.000025 seconds.
  path: Assets/SimpleInteriorsHouses/Prefabs/Prop_DoubleBed_Pink.prefab
  artifactKey: Guid(258b247bff92ee24ebca7beb5bd3353b) Importer(815301076,1909f56bfc062723c751e8b465ee728b)
Start importing Assets/SimpleInteriorsHouses/Prefabs/Prop_DoubleBed_Pink.prefab using Guid(258b247bff92ee24ebca7beb5bd3353b) Importer(815301076,1909f56bfc062723c751e8b465ee728b)  -> (artifact id: 'f009927051815c8813f5da1baaa30eaa') in 0.014200 seconds 
========================================================================
Received Import Request.
  Time since last request: 0.000021 seconds.
  path: Assets/SimpleInteriorsHouses/Prefabs/Prop_Draw_04.prefab
  artifactKey: Guid(2112bed42f2f68846abfe5f4114d670a) Importer(815301076,1909f56bfc062723c751e8b465ee728b)
Start importing Assets/SimpleInteriorsHouses/Prefabs/Prop_Draw_04.prefab using Guid(2112bed42f2f68846abfe5f4114d670a) Importer(815301076,1909f56bfc062723c751e8b465ee728b)  -> (artifact id: 'a9601e059e1401952be45b5a10dcdbe9') in 0.014426 seconds 
========================================================================
Received Import Request.
  Time since last request: 0.000023 seconds.
  path: Assets/SimpleInteriorsHouses/Prefabs/Prop_Draw_03.prefab
  artifactKey: Guid(8548ad585431ecc428b595bf711ccef2) Importer(815301076,1909f56bfc062723c751e8b465ee728b)
Start importing Assets/SimpleInteriorsHouses/Prefabs/Prop_Draw_03.prefab using Guid(8548ad585431ecc428b595bf711ccef2) Importer(815301076,1909f56bfc062723c751e8b465ee728b)  -> (artifact id: '3d23638d5b8ce38946245d1b2e9c3f98') in 0.015941 seconds 
========================================================================
Received Import Request.
  Time since last request: 0.763826 seconds.
  path: Assets/SimpleInteriorsHouses/Prefabs/Prop_Fireplace_01.prefab
  artifactKey: Guid(4e1e7729165aea2428d6c354d914cdc6) Importer(815301076,1909f56bfc062723c751e8b465ee728b)
Start importing Assets/SimpleInteriorsHouses/Prefabs/Prop_Fireplace_01.prefab using Guid(4e1e7729165aea2428d6c354d914cdc6) Importer(815301076,1909f56bfc062723c751e8b465ee728b)  -> (artifact id: '651f9d7bb7ebec7007ada5afab08372a') in 0.014492 seconds 
========================================================================
Received Import Request.
  Time since last request: 0.000018 seconds.
  path: Assets/SimpleInteriorsHouses/Prefabs/Prop_Food_Bowl_01.prefab
  artifactKey: Guid(a765f2d88f6010248a64b142a4ba036d) Importer(815301076,1909f56bfc062723c751e8b465ee728b)
Start importing Assets/SimpleInteriorsHouses/Prefabs/Prop_Food_Bowl_01.prefab using Guid(a765f2d88f6010248a64b142a4ba036d) Importer(815301076,1909f56bfc062723c751e8b465ee728b)  -> (artifact id: 'c58582ce5c9adbdb2fabc8097e884f0a') in 0.017476 seconds 
========================================================================
Received Import Request.
  Time since last request: 0.000022 seconds.
  path: Assets/SimpleInteriorsHouses/Prefabs/Prop_Fireplace_02.prefab
  artifactKey: Guid(195ca1e9666b701459e6e10ad7a27992) Importer(815301076,1909f56bfc062723c751e8b465ee728b)
Start importing Assets/SimpleInteriorsHouses/Prefabs/Prop_Fireplace_02.prefab using Guid(195ca1e9666b701459e6e10ad7a27992) Importer(815301076,1909f56bfc062723c751e8b465ee728b)  -> (artifact id: '198f01a0b26980016e2c4d11e7b4f600') in 0.015992 seconds 
========================================================================
Received Prepare
Registering precompiled user dll's ...
Registered in 0.021452 seconds.
Begin MonoManager ReloadAssembly
Symbol file LoadedFromMemory doesn't match image C:\Users\PC\Documents\GitHub\Game-Sucks\GameSucks\Library\PackageCache\com.unity.visualscripting@1.7.8\Editor\VisualScripting.Core\Dependencies\YamlDotNet\Unity.VisualScripting.YamlDotNet.dll
Symbol file LoadedFromMemory doesn't match image C:\Users\PC\Documents\GitHub\Game-Sucks\GameSucks\Library\PackageCache\com.unity.visualscripting@1.7.8\Editor\VisualScripting.Core\Dependencies\DotNetZip\Unity.VisualScripting.IonicZip.dll
Native extension for WindowsStandalone target not found
Native extension for iOS target not found
Native extension for Android target not found
Refreshing native plugins compatible for Editor in 1.17 ms, found 3 plugins.
Preloading 0 native plugins for Editor in 0.00 ms.
Mono: successfully reloaded assembly
- Completed reload, in  1.158 seconds
Domain Reload Profiling:
	ReloadAssembly (1159ms)
		BeginReloadAssembly (145ms)
			ExecutionOrderSort (0ms)
			DisableScriptedObjects (6ms)
			BackupInstance (0ms)
			ReleaseScriptingObjects (0ms)
			CreateAndSetChildDomain (39ms)
		EndReloadAssembly (909ms)
			LoadAssemblies (112ms)
			RebuildTransferFunctionScriptingTraits (0ms)
			SetupTypeCache (246ms)
			ReleaseScriptCaches (2ms)
			RebuildScriptCaches (41ms)
			SetupLoadedEditorAssemblies (417ms)
				LogAssemblyErrors (0ms)
				InitializePlatformSupportModulesInManaged (37ms)
				SetLoadedEditorAssemblies (0ms)
				RefreshPlugins (1ms)
				BeforeProcessingInitializeOnLoad (92ms)
				ProcessInitializeOnLoadAttributes (191ms)
				ProcessInitializeOnLoadMethodAttributes (73ms)
				AfterProcessingInitializeOnLoad (21ms)
				EditorAssembliesLoaded (0ms)
			ExecutionOrderSort2 (0ms)
			AwakeInstancesAfterBackupRestoration (31ms)
Platform modules already initialized, skipping
Refreshing native plugins compatible for Editor in 3.36 ms, found 3 plugins.
Preloading 0 native plugins for Editor in 0.00 ms.
Unloading 4926 Unused Serialized files (Serialized files now loaded: 0)
Unloading 34 unused Assets / (0.7 MB). Loaded Objects now: 5566.
Memory consumption went from 195.4 MB to 194.8 MB.
Total: 3.149000 ms (FindLiveObjects: 0.413200 ms CreateObjectMapping: 0.134200 ms MarkObjects: 2.330300 ms  DeleteObjects: 0.270200 ms)

AssetImportParameters requested are different than current active one (requested -> active):
  custom:video-decoder-ogg-theora: a1e56fd34408186e4bbccfd4996cb3dc -> 
  custom:container-muxer-webm: aa71ff27fc2769a1b78a27578f13a17b -> 
  custom:container-demuxer-webm: 4f35f7cbe854078d1ac9338744f61a02 -> 
  custom:video-encoder-webm-vp8: eb34c28f22e8b96e1ab97ce403110664 -> 
  custom:audio-encoder-webm-vorbis: bf7c407c2cedff20999df2af8eb42d56 -> 
  custom:framework-win-MediaFoundation: 216162199b28c13a410421893ffa2e32 -> 
  custom:container-demuxer-ogg: 62fdf1f143b41e24485cea50d1cbac27 -> 
  custom:video-decoder-webm-vp8: 9c59270c3fd7afecdb556c50c9e8de78 -> 
  custom:audio-decoder-ogg-vorbis: bf7c407c2cedff20999df2af8eb42d56 -> 
========================================================================
Received Prepare
Registering precompiled user dll's ...
Registered in 0.014335 seconds.
Begin MonoManager ReloadAssembly
Symbol file LoadedFromMemory doesn't match image C:\Users\PC\Documents\GitHub\Game-Sucks\GameSucks\Library\PackageCache\com.unity.visualscripting@1.7.8\Editor\VisualScripting.Core\Dependencies\YamlDotNet\Unity.VisualScripting.YamlDotNet.dll
Symbol file LoadedFromMemory doesn't match image C:\Users\PC\Documents\GitHub\Game-Sucks\GameSucks\Library\PackageCache\com.unity.visualscripting@1.7.8\Editor\VisualScripting.Core\Dependencies\DotNetZip\Unity.VisualScripting.IonicZip.dll
Native extension for WindowsStandalone target not found
Native extension for iOS target not found
Native extension for Android target not found
Refreshing native plugins compatible for Editor in 0.91 ms, found 3 plugins.
Preloading 0 native plugins for Editor in 0.00 ms.
Mono: successfully reloaded assembly
- Completed reload, in  0.998 seconds
Domain Reload Profiling:
	ReloadAssembly (999ms)
		BeginReloadAssembly (136ms)
			ExecutionOrderSort (0ms)
			DisableScriptedObjects (4ms)
			BackupInstance (0ms)
			ReleaseScriptingObjects (0ms)
			CreateAndSetChildDomain (41ms)
		EndReloadAssembly (764ms)
			LoadAssemblies (98ms)
			RebuildTransferFunctionScriptingTraits (0ms)
			SetupTypeCache (211ms)
			ReleaseScriptCaches (2ms)
			RebuildScriptCaches (36ms)
			SetupLoadedEditorAssemblies (351ms)
				LogAssemblyErrors (0ms)
				InitializePlatformSupportModulesInManaged (28ms)
				SetLoadedEditorAssemblies (0ms)
				RefreshPlugins (1ms)
				BeforeProcessingInitializeOnLoad (72ms)
				ProcessInitializeOnLoadAttributes (168ms)
				ProcessInitializeOnLoadMethodAttributes (68ms)
				AfterProcessingInitializeOnLoad (13ms)
				EditorAssembliesLoaded (0ms)
			ExecutionOrderSort2 (0ms)
			AwakeInstancesAfterBackupRestoration (18ms)
Platform modules already initialized, skipping
Refreshing native plugins compatible for Editor in 3.01 ms, found 3 plugins.
Preloading 0 native plugins for Editor in 0.00 ms.
Unloading 4926 Unused Serialized files (Serialized files now loaded: 0)
Unloading 33 unused Assets / (0.7 MB). Loaded Objects now: 5569.
Memory consumption went from 195.4 MB to 194.8 MB.
Total: 3.031200 ms (FindLiveObjects: 0.308100 ms CreateObjectMapping: 0.131800 ms MarkObjects: 2.334000 ms  DeleteObjects: 0.256400 ms)

AssetImportParameters requested are different than current active one (requested -> active):
  custom:video-decoder-ogg-theora: a1e56fd34408186e4bbccfd4996cb3dc -> 
  custom:container-muxer-webm: aa71ff27fc2769a1b78a27578f13a17b -> 
  custom:container-demuxer-webm: 4f35f7cbe854078d1ac9338744f61a02 -> 
  custom:video-encoder-webm-vp8: eb34c28f22e8b96e1ab97ce403110664 -> 
  custom:audio-encoder-webm-vorbis: bf7c407c2cedff20999df2af8eb42d56 -> 
  custom:framework-win-MediaFoundation: 216162199b28c13a410421893ffa2e32 -> 
  custom:container-demuxer-ogg: 62fdf1f143b41e24485cea50d1cbac27 -> 
  custom:video-decoder-webm-vp8: 9c59270c3fd7afecdb556c50c9e8de78 -> 
  custom:audio-decoder-ogg-vorbis: bf7c407c2cedff20999df2af8eb42d56 -> 
